TN:
SF:src\__tests__\mocks\db.js
FN:9,(anonymous_0)
FN:57,setupMockQueryResponses
FN:58,(anonymous_2)
FNF:3
FNH:0
FNDA:0,(anonymous_0)
FNDA:0,setupMockQueryResponses
FNDA:0,(anonymous_2)
DA:8,0
DA:9,0
DA:12,0
DA:24,0
DA:40,0
DA:48,0
DA:58,0
DA:60,0
DA:61,0
DA:62,0
DA:63,0
DA:65,0
DA:66,0
DA:67,0
DA:68,0
DA:70,0
DA:71,0
DA:73,0
DA:74,0
DA:78,0
DA:79,0
DA:80,0
DA:81,0
DA:83,0
DA:84,0
DA:86,0
DA:87,0
DA:89,0
DA:90,0
DA:94,0
DA:95,0
DA:98,0
LF:32
LH:0
BRDA:65,0,0,0
BRDA:65,0,1,0
BRDA:67,1,0,0
BRDA:67,1,1,0
BRDA:70,2,0,0
BRDA:70,2,1,0
BRDA:73,3,0,0
BRDA:73,3,1,0
BRDA:78,4,0,0
BRDA:78,4,1,0
BRDA:80,5,0,0
BRDA:80,5,1,0
BRDA:83,6,0,0
BRDA:83,6,1,0
BRDA:86,7,0,0
BRDA:86,7,1,0
BRDA:89,8,0,0
BRDA:89,8,1,0
BRDA:94,9,0,0
BRDA:94,9,1,0
BRDA:94,10,0,0
BRDA:94,10,1,0
BRF:22
BRH:0
end_of_record
TN:
SF:src\db\connection.js
FN:22,(anonymous_0)
FN:26,(anonymous_1)
FN:32,(anonymous_2)
FN:35,(anonymous_3)
FN:38,(anonymous_4)
FN:42,(anonymous_5)
FNF:6
FNH:0
FNDA:0,(anonymous_0)
FNDA:0,(anonymous_1)
FNDA:0,(anonymous_2)
FNDA:0,(anonymous_3)
FNDA:0,(anonymous_4)
FNDA:0,(anonymous_5)
DA:6,0
DA:7,0
DA:10,0
DA:12,0
DA:14,0
DA:22,0
DA:23,0
DA:26,0
DA:27,0
DA:28,0
DA:32,0
DA:35,0
DA:38,0
DA:39,0
DA:42,0
DA:43,0
LF:16
LH:0
BRDA:42,0,0,0
BRF:1
BRH:0
end_of_record
TN:
SF:src\db\enlarge-parcels.js
FN:13,enlargeParcels
FN:48,(anonymous_1)
FNF:2
FNH:0
FNDA:0,enlargeParcels
FNDA:0,(anonymous_1)
DA:9,0
DA:11,0
DA:14,0
DA:19,0
DA:20,0
DA:21,0
DA:25,0
DA:27,0
DA:35,0
DA:38,0
DA:47,0
DA:48,0
DA:49,0
DA:52,0
DA:55,0
DA:57,0
DA:61,0
LF:17
LH:0
BRDA:49,0,0,0
BRDA:49,0,1,0
BRF:2
BRH:0
end_of_record
TN:
SF:src\db\fix-views.js
FN:12,fixViews
FN:45,(anonymous_1)
FNF:2
FNH:0
FNDA:0,fixViews
FNDA:0,(anonymous_1)
DA:8,0
DA:10,0
DA:13,0
DA:18,0
DA:19,0
DA:20,0
DA:23,0
DA:24,0
DA:38,0
DA:41,0
DA:44,0
DA:45,0
DA:48,0
DA:51,0
DA:53,0
DA:56,0
DA:58,0
DA:62,0
LF:18
LH:0
BRF:0
BRH:0
end_of_record
TN:
SF:src\db\geocode-addresses.js
FN:19,geocodeAddress
FN:41,sleep
FN:42,(anonymous_2)
FN:45,geocodeParcels
FN:130,(anonymous_4)
FNF:5
FNH:0
FNDA:0,geocodeAddress
FNDA:0,sleep
FNDA:0,(anonymous_2)
FNDA:0,geocodeParcels
FNDA:0,(anonymous_4)
DA:9,0
DA:10,0
DA:11,0
DA:16,0
DA:17,0
DA:20,0
DA:21,0
DA:24,0
DA:26,0
DA:27,0
DA:29,0
DA:30,0
DA:31,0
DA:38,0
DA:42,0
DA:46,0
DA:48,0
DA:49,0
DA:50,0
DA:51,0
DA:54,0
DA:59,0
DA:61,0
DA:62,0
DA:66,0
DA:75,0
DA:77,0
DA:78,0
DA:79,0
DA:81,0
DA:82,0
DA:83,0
DA:84,0
DA:86,0
DA:88,0
DA:97,0
DA:98,0
DA:99,0
DA:102,0
DA:106,0
DA:109,0
DA:110,0
DA:114,0
DA:115,0
DA:116,0
DA:117,0
DA:120,0
DA:125,0
DA:127,0
DA:130,0
DA:131,0
DA:132,0
LF:52
LH:0
BRDA:20,0,0,0
BRDA:20,0,1,0
BRDA:29,1,0,0
BRDA:29,1,1,0
BRDA:29,2,0,0
BRDA:29,2,1,0
BRDA:48,3,0,0
BRDA:48,3,1,0
BRDA:83,4,0,0
BRDA:83,4,1,0
BRDA:86,5,0,0
BRDA:86,5,1,0
BRDA:98,6,0,0
BRDA:98,6,1,0
BRF:14
BRH:0
end_of_record
TN:
SF:src\db\import-all-data.js
FN:57,log
FN:64,downloadFile
FN:65,(anonymous_2)
FN:71,(anonymous_3)
FN:86,(anonymous_4)
FN:96,(anonymous_5)
FN:102,(anonymous_6)
FN:103,(anonymous_7)
FN:110,parseCSV
FN:123,(anonymous_9)
FN:132,parseCSVLine
FN:160,parseVCF
FN:180,(anonymous_12)
FN:180,(anonymous_13)
FN:223,normalizeAPN
FN:230,normalizeAddress
FN:246,importParcelsGeoJSON
FN:274,(anonymous_17)
FN:278,(anonymous_18)
FN:279,(anonymous_19)
FN:339,importBuildingsGeoJSON
FN:438,importContactsCSV
FN:516,importContactsVCF
FN:596,importParcelsCSV
FN:667,importCoStarData
FN:760,main
FN:763,(anonymous_26)
FN:849,(anonymous_27)
FN:863,(anonymous_28)
FN:874,(anonymous_29)
FNF:30
FNH:0
FNDA:0,log
FNDA:0,downloadFile
FNDA:0,(anonymous_2)
FNDA:0,(anonymous_3)
FNDA:0,(anonymous_4)
FNDA:0,(anonymous_5)
FNDA:0,(anonymous_6)
FNDA:0,(anonymous_7)
FNDA:0,parseCSV
FNDA:0,(anonymous_9)
FNDA:0,parseCSVLine
FNDA:0,parseVCF
FNDA:0,(anonymous_12)
FNDA:0,(anonymous_13)
FNDA:0,normalizeAPN
FNDA:0,normalizeAddress
FNDA:0,importParcelsGeoJSON
FNDA:0,(anonymous_17)
FNDA:0,(anonymous_18)
FNDA:0,(anonymous_19)
FNDA:0,importBuildingsGeoJSON
FNDA:0,importContactsCSV
FNDA:0,importContactsVCF
FNDA:0,importParcelsCSV
FNDA:0,importCoStarData
FNDA:0,main
FNDA:0,(anonymous_26)
FNDA:0,(anonymous_27)
FNDA:0,(anonymous_28)
FNDA:0,(anonymous_29)
DA:19,0
DA:20,0
DA:23,0
DA:33,0
DA:41,0
DA:48,0
DA:58,0
DA:59,0
DA:60,0
DA:65,0
DA:66,0
DA:68,0
DA:69,0
DA:71,0
DA:72,0
DA:74,0
DA:75,0
DA:78,0
DA:79,0
DA:80,0
DA:83,0
DA:84,0
DA:86,0
DA:87,0
DA:88,0
DA:89,0
DA:90,0
DA:94,0
DA:96,0
DA:97,0
DA:98,0
DA:99,0
DA:100,0
DA:103,0
DA:104,0
DA:111,0
DA:112,0
DA:114,0
DA:115,0
DA:117,0
DA:118,0
DA:119,0
DA:121,0
DA:122,0
DA:123,0
DA:124,0
DA:126,0
DA:129,0
DA:133,0
DA:134,0
DA:135,0
DA:137,0
DA:138,0
DA:140,0
DA:141,0
DA:142,0
DA:143,0
DA:145,0
DA:147,0
DA:148,0
DA:149,0
DA:151,0
DA:154,0
DA:156,0
DA:161,0
DA:162,0
DA:164,0
DA:165,0
DA:167,0
DA:180,0
DA:182,0
DA:184,0
DA:185,0
DA:186,0
DA:187,0
DA:188,0
DA:189,0
DA:190,0
DA:191,0
DA:192,0
DA:193,0
DA:194,0
DA:195,0
DA:196,0
DA:197,0
DA:198,0
DA:199,0
DA:201,0
DA:202,0
DA:203,0
DA:204,0
DA:205,0
DA:206,0
DA:207,0
DA:208,0
DA:214,0
DA:215,0
DA:219,0
DA:224,0
DA:226,0
DA:231,0
DA:232,0
DA:247,0
DA:249,0
DA:250,0
DA:252,0
DA:253,0
DA:254,0
DA:257,0
DA:259,0
DA:260,0
DA:261,0
DA:262,0
DA:264,0
DA:265,0
DA:266,0
DA:270,0
DA:271,0
DA:272,0
DA:273,0
DA:274,0
DA:276,0
DA:277,0
DA:278,0
DA:279,0
DA:280,0
DA:282,0
DA:287,0
DA:288,0
DA:289,0
DA:290,0
DA:291,0
DA:292,0
DA:293,0
DA:294,0
DA:297,0
DA:298,0
DA:315,0
DA:317,0
DA:321,0
DA:322,0
DA:325,0
DA:326,0
DA:327,0
DA:332,0
DA:333,0
DA:340,0
DA:342,0
DA:343,0
DA:345,0
DA:346,0
DA:347,0
DA:350,0
DA:352,0
DA:353,0
DA:354,0
DA:357,0
DA:358,0
DA:359,0
DA:360,0
DA:361,0
DA:362,0
DA:363,0
DA:364,0
DA:365,0
DA:366,0
DA:367,0
DA:368,0
DA:371,0
DA:373,0
DA:375,0
DA:381,0
DA:382,0
DA:387,0
DA:389,0
DA:392,0
DA:400,0
DA:407,0
DA:408,0
DA:411,0
DA:412,0
DA:418,0
DA:421,0
DA:425,0
DA:426,0
DA:427,0
DA:432,0
DA:439,0
DA:441,0
DA:442,0
DA:444,0
DA:446,0
DA:447,0
DA:449,0
DA:450,0
DA:451,0
DA:452,0
DA:453,0
DA:454,0
DA:456,0
DA:457,0
DA:458,0
DA:462,0
DA:463,0
DA:464,0
DA:471,0
DA:472,0
DA:473,0
DA:476,0
DA:479,0
DA:480,0
DA:486,0
DA:487,0
DA:493,0
DA:497,0
DA:498,0
DA:502,0
DA:503,0
DA:504,0
DA:509,0
DA:510,0
DA:517,0
DA:519,0
DA:520,0
DA:522,0
DA:524,0
DA:525,0
DA:526,0
DA:527,0
DA:528,0
DA:530,0
DA:531,0
DA:532,0
DA:536,0
DA:537,0
DA:544,0
DA:545,0
DA:546,0
DA:549,0
DA:552,0
DA:553,0
DA:558,0
DA:559,0
DA:573,0
DA:576,0
DA:577,0
DA:578,0
DA:582,0
DA:583,0
DA:584,0
DA:589,0
DA:590,0
DA:597,0
DA:599,0
DA:600,0
DA:602,0
DA:604,0
DA:605,0
DA:606,0
DA:608,0
DA:613,0
DA:614,0
DA:615,0
DA:618,0
DA:619,0
DA:620,0
DA:621,0
DA:622,0
DA:623,0
DA:624,0
DA:625,0
DA:628,0
DA:645,0
DA:646,0
DA:648,0
DA:649,0
DA:653,0
DA:654,0
DA:655,0
DA:660,0
DA:661,0
DA:668,0
DA:670,0
DA:673,0
DA:674,0
DA:675,0
DA:676,0
DA:677,0
DA:678,0
DA:679,0
DA:681,0
DA:682,0
DA:686,0
DA:687,0
DA:688,0
DA:691,0
DA:692,0
DA:694,0
DA:695,0
DA:696,0
DA:697,0
DA:698,0
DA:699,0
DA:700,0
DA:701,0
DA:702,0
DA:703,0
DA:704,0
DA:706,0
DA:707,0
DA:708,0
DA:712,0
DA:715,0
DA:728,0
DA:734,0
DA:736,0
DA:741,0
DA:742,0
DA:746,0
DA:747,0
DA:748,0
DA:753,0
DA:761,0
DA:762,0
DA:763,0
DA:765,0
DA:766,0
DA:767,0
DA:769,0
DA:771,0
DA:772,0
DA:775,0
DA:776,0
DA:777,0
DA:778,0
DA:781,0
DA:783,0
DA:788,0
DA:789,0
DA:791,0
DA:792,0
DA:793,0
DA:795,0
DA:798,0
DA:799,0
DA:800,0
DA:802,0
DA:807,0
DA:808,0
DA:810,0
DA:817,0
DA:818,0
DA:819,0
DA:820,0
DA:826,0
DA:827,0
DA:829,0
DA:830,0
DA:831,0
DA:833,0
DA:838,0
DA:839,0
DA:841,0
DA:842,0
DA:844,0
DA:848,0
DA:849,0
DA:851,0
DA:852,0
DA:853,0
DA:858,0
DA:859,0
DA:862,0
DA:863,0
DA:865,0
DA:867,0
DA:868,0
DA:869,0
DA:873,0
DA:874,0
DA:876,0
DA:877,0
DA:878,0
DA:883,0
DA:884,0
DA:885,0
DA:886,0
DA:887,0
DA:888,0
DA:889,0
DA:890,0
DA:893,0
DA:902,0
DA:903,0
DA:904,0
DA:905,0
DA:906,0
DA:907,0
DA:910,0
DA:911,0
DA:913,0
DA:917,0
LF:402
LH:0
BRDA:57,0,0,0
BRDA:59,1,0,0
BRDA:59,1,1,0
BRDA:69,2,0,0
BRDA:69,2,1,0
BRDA:72,3,0,0
BRDA:72,3,1,0
BRDA:72,4,0,0
BRDA:72,4,1,0
BRDA:78,5,0,0
BRDA:78,5,1,0
BRDA:84,6,0,0
BRDA:84,6,1,0
BRDA:88,7,0,0
BRDA:88,7,1,0
BRDA:112,8,0,0
BRDA:112,8,1,0
BRDA:119,9,0,0
BRDA:119,9,1,0
BRDA:124,10,0,0
BRDA:124,10,1,0
BRDA:140,11,0,0
BRDA:140,11,1,0
BRDA:141,12,0,0
BRDA:141,12,1,0
BRDA:141,13,0,0
BRDA:141,13,1,0
BRDA:147,14,0,0
BRDA:147,14,1,0
BRDA:147,15,0,0
BRDA:147,15,1,0
BRDA:165,16,0,0
BRDA:165,16,1,0
BRDA:184,17,0,0
BRDA:184,17,1,0
BRDA:186,18,0,0
BRDA:186,18,1,0
BRDA:188,19,0,0
BRDA:188,19,1,0
BRDA:190,20,0,0
BRDA:190,20,1,0
BRDA:192,21,0,0
BRDA:192,21,1,0
BRDA:193,22,0,0
BRDA:193,22,1,0
BRDA:193,23,0,0
BRDA:193,23,1,0
BRDA:195,24,0,0
BRDA:195,24,1,0
BRDA:196,25,0,0
BRDA:196,25,1,0
BRDA:198,26,0,0
BRDA:198,26,1,0
BRDA:198,27,0,0
BRDA:198,27,1,0
BRDA:199,28,0,0
BRDA:199,28,1,0
BRDA:202,29,0,0
BRDA:202,29,1,0
BRDA:204,30,0,0
BRDA:204,30,1,0
BRDA:205,31,0,0
BRDA:205,31,1,0
BRDA:206,32,0,0
BRDA:206,32,1,0
BRDA:207,33,0,0
BRDA:207,33,1,0
BRDA:208,34,0,0
BRDA:208,34,1,0
BRDA:214,35,0,0
BRDA:214,35,1,0
BRDA:214,36,0,0
BRDA:214,36,1,0
BRDA:224,37,0,0
BRDA:224,37,1,0
BRDA:231,38,0,0
BRDA:231,38,1,0
BRDA:252,39,0,0
BRDA:252,39,1,0
BRDA:252,40,0,0
BRDA:252,40,1,0
BRDA:261,41,0,0
BRDA:261,41,1,0
BRDA:262,42,0,0
BRDA:262,42,1,0
BRDA:262,42,2,0
BRDA:264,43,0,0
BRDA:264,43,1,0
BRDA:271,44,0,0
BRDA:271,44,1,0
BRDA:271,45,0,0
BRDA:271,45,1,0
BRDA:272,46,0,0
BRDA:272,46,1,0
BRDA:277,47,0,0
BRDA:277,47,1,0
BRDA:287,48,0,0
BRDA:287,48,1,0
BRDA:287,48,2,0
BRDA:288,49,0,0
BRDA:288,49,1,0
BRDA:288,49,2,0
BRDA:289,50,0,0
BRDA:289,50,1,0
BRDA:289,50,2,0
BRDA:290,51,0,0
BRDA:290,51,1,0
BRDA:291,52,0,0
BRDA:291,52,1,0
BRDA:291,53,0,0
BRDA:291,53,1,0
BRDA:292,54,0,0
BRDA:292,54,1,0
BRDA:292,55,0,0
BRDA:292,55,1,0
BRDA:293,56,0,0
BRDA:293,56,1,0
BRDA:293,57,0,0
BRDA:293,57,1,0
BRDA:293,57,2,0
BRDA:294,58,0,0
BRDA:294,58,1,0
BRDA:297,59,0,0
BRDA:297,59,1,0
BRDA:321,60,0,0
BRDA:321,60,1,0
BRDA:326,61,0,0
BRDA:326,61,1,0
BRDA:345,62,0,0
BRDA:345,62,1,0
BRDA:345,63,0,0
BRDA:345,63,1,0
BRDA:354,64,0,0
BRDA:354,64,1,0
BRDA:357,65,0,0
BRDA:357,65,1,0
BRDA:358,66,0,0
BRDA:358,66,1,0
BRDA:359,67,0,0
BRDA:359,67,1,0
BRDA:360,68,0,0
BRDA:360,68,1,0
BRDA:360,69,0,0
BRDA:360,69,1,0
BRDA:361,70,0,0
BRDA:361,70,1,0
BRDA:361,71,0,0
BRDA:361,71,1,0
BRDA:362,72,0,0
BRDA:362,72,1,0
BRDA:363,73,0,0
BRDA:363,73,1,0
BRDA:364,74,0,0
BRDA:364,74,1,0
BRDA:364,75,0,0
BRDA:364,75,1,0
BRDA:365,76,0,0
BRDA:365,76,1,0
BRDA:365,77,0,0
BRDA:365,77,1,0
BRDA:366,78,0,0
BRDA:366,78,1,0
BRDA:366,79,0,0
BRDA:366,79,1,0
BRDA:367,80,0,0
BRDA:367,80,1,0
BRDA:367,81,0,0
BRDA:367,81,1,0
BRDA:368,82,0,0
BRDA:368,82,1,0
BRDA:373,83,0,0
BRDA:373,83,1,0
BRDA:373,84,0,0
BRDA:373,84,1,0
BRDA:381,85,0,0
BRDA:381,85,1,0
BRDA:387,86,0,0
BRDA:387,86,1,0
BRDA:389,87,0,0
BRDA:389,87,1,0
BRDA:407,88,0,0
BRDA:407,88,1,0
BRDA:411,89,0,0
BRDA:411,89,1,0
BRDA:426,90,0,0
BRDA:426,90,1,0
BRDA:449,91,0,0
BRDA:449,91,1,0
BRDA:449,91,2,0
BRDA:449,91,3,0
BRDA:449,91,4,0
BRDA:450,92,0,0
BRDA:450,92,1,0
BRDA:450,92,2,0
BRDA:450,92,3,0
BRDA:450,92,4,0
BRDA:451,93,0,0
BRDA:451,93,1,0
BRDA:451,93,2,0
BRDA:451,93,3,0
BRDA:452,94,0,0
BRDA:452,94,1,0
BRDA:452,94,2,0
BRDA:452,94,3,0
BRDA:453,95,0,0
BRDA:453,95,1,0
BRDA:453,95,2,0
BRDA:453,95,3,0
BRDA:453,95,4,0
BRDA:454,96,0,0
BRDA:454,96,1,0
BRDA:454,96,2,0
BRDA:454,96,3,0
BRDA:454,96,4,0
BRDA:456,97,0,0
BRDA:456,97,1,0
BRDA:456,98,0,0
BRDA:456,98,1,0
BRDA:463,99,0,0
BRDA:463,99,1,0
BRDA:471,100,0,0
BRDA:471,100,1,0
BRDA:479,101,0,0
BRDA:479,101,1,0
BRDA:486,102,0,0
BRDA:486,102,1,0
BRDA:486,103,0,0
BRDA:486,103,1,0
BRDA:491,104,0,0
BRDA:491,104,1,0
BRDA:491,105,0,0
BRDA:491,105,1,0
BRDA:491,106,0,0
BRDA:491,106,1,0
BRDA:491,107,0,0
BRDA:491,107,1,0
BRDA:497,108,0,0
BRDA:497,108,1,0
BRDA:503,109,0,0
BRDA:503,109,1,0
BRDA:527,110,0,0
BRDA:527,110,1,0
BRDA:530,111,0,0
BRDA:530,111,1,0
BRDA:542,112,0,0
BRDA:542,112,1,0
BRDA:544,113,0,0
BRDA:544,113,1,0
BRDA:552,114,0,0
BRDA:552,114,1,0
BRDA:558,115,0,0
BRDA:558,115,1,0
BRDA:558,116,0,0
BRDA:558,116,1,0
BRDA:566,117,0,0
BRDA:566,117,1,0
BRDA:567,118,0,0
BRDA:567,118,1,0
BRDA:568,119,0,0
BRDA:568,119,1,0
BRDA:569,120,0,0
BRDA:569,120,1,0
BRDA:570,121,0,0
BRDA:570,121,1,0
BRDA:577,122,0,0
BRDA:577,122,1,0
BRDA:583,123,0,0
BRDA:583,123,1,0
BRDA:609,124,0,0
BRDA:609,124,1,0
BRDA:609,124,2,0
BRDA:609,124,3,0
BRDA:609,124,4,0
BRDA:609,124,5,0
BRDA:609,124,6,0
BRDA:613,125,0,0
BRDA:613,125,1,0
BRDA:618,126,0,0
BRDA:618,126,1,0
BRDA:618,126,2,0
BRDA:618,126,3,0
BRDA:618,126,4,0
BRDA:619,127,0,0
BRDA:619,127,1,0
BRDA:619,127,2,0
BRDA:619,127,3,0
BRDA:620,128,0,0
BRDA:620,128,1,0
BRDA:620,128,2,0
BRDA:620,128,3,0
BRDA:621,129,0,0
BRDA:621,129,1,0
BRDA:621,129,2,0
BRDA:621,129,3,0
BRDA:622,130,0,0
BRDA:622,130,1,0
BRDA:622,131,0,0
BRDA:622,131,1,0
BRDA:622,131,2,0
BRDA:623,132,0,0
BRDA:623,132,1,0
BRDA:623,133,0,0
BRDA:623,133,1,0
BRDA:623,133,2,0
BRDA:624,134,0,0
BRDA:624,134,1,0
BRDA:624,135,0,0
BRDA:624,135,1,0
BRDA:624,135,2,0
BRDA:624,135,3,0
BRDA:625,136,0,0
BRDA:625,136,1,0
BRDA:625,136,2,0
BRDA:648,137,0,0
BRDA:648,137,1,0
BRDA:654,138,0,0
BRDA:654,138,1,0
BRDA:673,139,0,0
BRDA:673,139,1,0
BRDA:673,140,0,0
BRDA:673,140,1,0
BRDA:694,141,0,0
BRDA:694,141,1,0
BRDA:694,141,2,0
BRDA:695,142,0,0
BRDA:695,142,1,0
BRDA:695,142,2,0
BRDA:696,143,0,0
BRDA:696,143,1,0
BRDA:696,143,2,0
BRDA:697,144,0,0
BRDA:697,144,1,0
BRDA:697,144,2,0
BRDA:697,144,3,0
BRDA:698,145,0,0
BRDA:698,145,1,0
BRDA:698,146,0,0
BRDA:698,146,1,0
BRDA:698,146,2,0
BRDA:699,147,0,0
BRDA:699,147,1,0
BRDA:699,147,2,0
BRDA:700,148,0,0
BRDA:700,148,1,0
BRDA:700,148,2,0
BRDA:701,149,0,0
BRDA:701,149,1,0
BRDA:701,149,2,0
BRDA:702,150,0,0
BRDA:702,150,1,0
BRDA:702,151,0,0
BRDA:702,151,1,0
BRDA:702,151,2,0
BRDA:703,152,0,0
BRDA:703,152,1,0
BRDA:703,152,2,0
BRDA:704,153,0,0
BRDA:704,153,1,0
BRDA:704,153,2,0
BRDA:706,154,0,0
BRDA:706,154,1,0
BRDA:725,155,0,0
BRDA:725,155,1,0
BRDA:732,156,0,0
BRDA:732,156,1,0
BRDA:732,157,0,0
BRDA:732,157,1,0
BRDA:734,158,0,0
BRDA:734,158,1,0
BRDA:734,159,0,0
BRDA:734,159,1,0
BRDA:747,160,0,0
BRDA:747,160,1,0
BRDA:775,161,0,0
BRDA:775,161,1,0
BRDA:775,162,0,0
BRDA:775,162,1,0
BRDA:775,162,2,0
BRDA:788,163,0,0
BRDA:788,163,1,0
BRDA:788,164,0,0
BRDA:788,164,1,0
BRDA:792,165,0,0
BRDA:792,165,1,0
BRDA:799,166,0,0
BRDA:799,166,1,0
BRDA:807,167,0,0
BRDA:807,167,1,0
BRDA:807,168,0,0
BRDA:807,168,1,0
BRDA:819,169,0,0
BRDA:819,169,1,0
BRDA:826,170,0,0
BRDA:826,170,1,0
BRDA:826,171,0,0
BRDA:826,171,1,0
BRDA:830,172,0,0
BRDA:830,172,1,0
BRDA:838,173,0,0
BRDA:838,173,1,0
BRDA:838,174,0,0
BRDA:838,174,1,0
BRDA:838,174,2,0
BRDA:841,175,0,0
BRDA:841,175,1,0
BRDA:849,176,0,0
BRDA:849,176,1,0
BRDA:858,177,0,0
BRDA:858,177,1,0
BRDA:858,178,0,0
BRDA:858,178,1,0
BRDA:863,179,0,0
BRDA:863,179,1,0
BRDA:874,180,0,0
BRDA:874,180,1,0
BRF:415
BRH:0
end_of_record
TN:
SF:src\db\import-all.js
FN:17,parseCSVLine
FN:38,parseCSV
FN:39,(anonymous_2)
FN:43,(anonymous_3)
FN:46,(anonymous_4)
FN:56,cleanNumber
FN:64,cleanInt
FN:70,normalizeAddress
FN:71,(anonymous_8)
FN:74,importData
FNF:10
FNH:0
FNDA:0,parseCSVLine
FNDA:0,parseCSV
FNDA:0,(anonymous_2)
FNDA:0,(anonymous_3)
FNDA:0,(anonymous_4)
FNDA:0,cleanNumber
FNDA:0,cleanInt
FNDA:0,normalizeAddress
FNDA:0,(anonymous_8)
FNDA:0,importData
DA:12,0
DA:14,0
DA:18,0
DA:19,0
DA:20,0
DA:22,0
DA:23,0
DA:24,0
DA:25,0
DA:26,0
DA:27,0
DA:28,0
DA:30,0
DA:33,0
DA:34,0
DA:39,0
DA:40,0
DA:42,0
DA:43,0
DA:44,0
DA:45,0
DA:46,0
DA:47,0
DA:49,0
DA:52,0
DA:57,0
DA:58,0
DA:59,0
DA:60,0
DA:65,0
DA:66,0
DA:71,0
DA:75,0
DA:80,0
DA:81,0
DA:82,0
DA:84,0
DA:89,0
DA:91,0
DA:92,0
DA:93,0
DA:95,0
DA:96,0
DA:98,0
DA:99,0
DA:100,0
DA:102,0
DA:104,0
DA:105,0
DA:106,0
DA:107,0
DA:108,0
DA:109,0
DA:110,0
DA:112,0
DA:115,0
DA:118,0
DA:120,0
DA:122,0
DA:139,0
DA:142,0
DA:155,0
DA:162,0
DA:167,0
DA:169,0
DA:170,0
DA:171,0
DA:173,0
DA:174,0
DA:176,0
DA:177,0
DA:178,0
DA:179,0
DA:181,0
DA:183,0
DA:184,0
DA:185,0
DA:186,0
DA:188,0
DA:190,0
DA:192,0
DA:211,0
DA:212,0
DA:213,0
DA:226,0
DA:227,0
DA:230,0
DA:241,0
DA:242,0
DA:245,0
DA:246,0
DA:248,0
DA:263,0
DA:269,0
DA:274,0
DA:276,0
DA:277,0
DA:278,0
DA:280,0
DA:282,0
DA:283,0
DA:284,0
DA:285,0
DA:286,0
DA:288,0
DA:290,0
DA:292,0
DA:303,0
DA:304,0
DA:311,0
DA:316,0
DA:318,0
DA:319,0
DA:320,0
DA:322,0
DA:323,0
DA:325,0
DA:326,0
DA:327,0
DA:328,0
DA:329,0
DA:330,0
DA:331,0
DA:332,0
DA:334,0
DA:336,0
DA:338,0
DA:349,0
DA:350,0
DA:351,0
DA:354,0
DA:358,0
DA:359,0
DA:364,0
DA:365,0
DA:375,0
DA:382,0
DA:387,0
DA:389,0
DA:398,0
DA:399,0
DA:400,0
DA:401,0
DA:402,0
DA:403,0
DA:405,0
DA:408,0
DA:409,0
DA:411,0
DA:415,0
LF:150
LH:0
BRDA:24,0,0,0
BRDA:24,0,1,0
BRDA:26,1,0,0
BRDA:26,1,1,0
BRDA:26,2,0,0
BRDA:26,2,1,0
BRDA:40,3,0,0
BRDA:40,3,1,0
BRDA:47,4,0,0
BRDA:47,4,1,0
BRDA:57,5,0,0
BRDA:57,5,1,0
BRDA:57,6,0,0
BRDA:57,6,1,0
BRDA:57,6,2,0
BRDA:60,7,0,0
BRDA:60,7,1,0
BRDA:66,8,0,0
BRDA:66,8,1,0
BRDA:71,9,0,0
BRDA:71,9,1,0
BRDA:102,10,0,0
BRDA:102,10,1,0
BRDA:102,11,0,0
BRDA:102,11,1,0
BRDA:104,12,0,0
BRDA:104,12,1,0
BRDA:105,13,0,0
BRDA:105,13,1,0
BRDA:106,14,0,0
BRDA:106,14,1,0
BRDA:107,15,0,0
BRDA:107,15,1,0
BRDA:109,16,0,0
BRDA:109,16,1,0
BRDA:110,17,0,0
BRDA:110,17,1,0
BRDA:112,18,0,0
BRDA:112,18,1,0
BRDA:148,19,0,0
BRDA:148,19,1,0
BRDA:153,20,0,0
BRDA:153,20,1,0
BRDA:153,21,0,0
BRDA:153,21,1,0
BRDA:153,22,0,0
BRDA:153,22,1,0
BRDA:181,23,0,0
BRDA:181,23,1,0
BRDA:181,24,0,0
BRDA:181,24,1,0
BRDA:181,24,2,0
BRDA:183,25,0,0
BRDA:183,25,1,0
BRDA:184,26,0,0
BRDA:184,26,1,0
BRDA:185,27,0,0
BRDA:185,27,1,0
BRDA:186,28,0,0
BRDA:186,28,1,0
BRDA:212,29,0,0
BRDA:212,29,1,0
BRDA:222,30,0,0
BRDA:222,30,1,0
BRDA:222,31,0,0
BRDA:222,31,1,0
BRDA:226,32,0,0
BRDA:226,32,1,0
BRDA:226,33,0,0
BRDA:226,33,1,0
BRDA:237,34,0,0
BRDA:237,34,1,0
BRDA:237,35,0,0
BRDA:237,35,1,0
BRDA:238,36,0,0
BRDA:238,36,1,0
BRDA:238,37,0,0
BRDA:238,37,1,0
BRDA:238,38,0,0
BRDA:238,38,1,0
BRDA:238,39,0,0
BRDA:238,39,1,0
BRDA:241,40,0,0
BRDA:241,40,1,0
BRDA:255,41,0,0
BRDA:255,41,1,0
BRDA:285,42,0,0
BRDA:285,42,1,0
BRDA:286,43,0,0
BRDA:286,43,1,0
BRDA:288,44,0,0
BRDA:288,44,1,0
BRDA:288,45,0,0
BRDA:288,45,1,0
BRDA:299,46,0,0
BRDA:299,46,1,0
BRDA:299,47,0,0
BRDA:299,47,1,0
BRDA:300,48,0,0
BRDA:300,48,1,0
BRDA:300,49,0,0
BRDA:300,49,1,0
BRDA:300,50,0,0
BRDA:300,50,1,0
BRDA:300,51,0,0
BRDA:300,51,1,0
BRDA:303,52,0,0
BRDA:303,52,1,0
BRDA:330,53,0,0
BRDA:330,53,1,0
BRDA:331,54,0,0
BRDA:331,54,1,0
BRDA:332,55,0,0
BRDA:332,55,1,0
BRDA:334,56,0,0
BRDA:334,56,1,0
BRDA:349,57,0,0
BRDA:349,57,1,0
BRDA:358,58,0,0
BRDA:358,58,1,0
BRDA:364,59,0,0
BRDA:364,59,1,0
BRDA:364,60,0,0
BRDA:364,60,1,0
BRF:124
BRH:0
end_of_record
TN:
SF:src\db\import-excel.js
FN:27,importExcelFiles
FN:128,(anonymous_1)
FNF:2
FNH:0
FNDA:0,importExcelFiles
FNDA:0,(anonymous_1)
DA:10,0
DA:11,0
DA:12,0
DA:17,0
DA:19,0
DA:28,0
DA:29,0
DA:31,0
DA:32,0
DA:33,0
DA:34,0
DA:35,0
DA:38,0
DA:39,0
DA:40,0
DA:41,0
DA:42,0
DA:43,0
DA:44,0
DA:47,0
DA:48,0
DA:51,0
DA:52,0
DA:54,0
DA:55,0
DA:56,0
DA:57,0
DA:58,0
DA:59,0
DA:61,0
DA:62,0
DA:64,0
DA:67,0
DA:68,0
DA:72,0
DA:81,0
DA:91,0
DA:92,0
DA:99,0
DA:101,0
DA:102,0
DA:107,0
DA:108,0
DA:110,0
DA:115,0
DA:116,0
DA:117,0
DA:118,0
DA:120,0
DA:121,0
DA:122,0
DA:123,0
DA:125,0
DA:128,0
DA:129,0
DA:130,0
LF:56
LH:0
BRDA:33,0,0,0
BRDA:33,0,1,0
BRDA:47,1,0,0
BRDA:47,1,1,0
BRDA:54,2,0,0
BRDA:54,2,1,0
BRDA:54,2,2,0
BRDA:54,2,3,0
BRDA:55,3,0,0
BRDA:55,3,1,0
BRDA:56,4,0,0
BRDA:56,4,1,0
BRDA:56,4,2,0
BRDA:56,4,3,0
BRDA:56,4,4,0
BRDA:57,5,0,0
BRDA:57,5,1,0
BRDA:58,6,0,0
BRDA:58,6,1,0
BRDA:58,6,2,0
BRDA:59,7,0,0
BRDA:59,7,1,0
BRDA:61,8,0,0
BRDA:61,8,1,0
BRDA:61,9,0,0
BRDA:61,9,1,0
BRDA:86,10,0,0
BRDA:86,10,1,0
BRDA:87,11,0,0
BRDA:87,11,1,0
BRDA:91,12,0,0
BRDA:91,12,1,0
BRDA:101,13,0,0
BRDA:101,13,1,0
BRDA:101,14,0,0
BRDA:101,14,1,0
BRF:36
BRH:0
end_of_record
TN:
SF:src\db\import-parcels.js
FN:17,parseCSVLine
FN:38,cleanNumber
FN:46,cleanInt
FN:52,parseDate
FN:62,importParcels
FN:82,(anonymous_5)
FN:94,(anonymous_6)
FNF:7
FNH:0
FNDA:0,parseCSVLine
FNDA:0,cleanNumber
FNDA:0,cleanInt
FNDA:0,parseDate
FNDA:0,importParcels
FNDA:0,(anonymous_5)
FNDA:0,(anonymous_6)
DA:12,0
DA:14,0
DA:18,0
DA:19,0
DA:20,0
DA:22,0
DA:23,0
DA:24,0
DA:25,0
DA:26,0
DA:27,0
DA:28,0
DA:30,0
DA:33,0
DA:34,0
DA:39,0
DA:40,0
DA:41,0
DA:42,0
DA:47,0
DA:48,0
DA:53,0
DA:54,0
DA:55,0
DA:56,0
DA:58,0
DA:63,0
DA:68,0
DA:69,0
DA:70,0
DA:73,0
DA:75,0
DA:76,0
DA:77,0
DA:78,0
DA:81,0
DA:82,0
DA:83,0
DA:85,0
DA:87,0
DA:88,0
DA:89,0
DA:91,0
DA:92,0
DA:93,0
DA:94,0
DA:95,0
DA:98,0
DA:99,0
DA:100,0
DA:102,0
DA:103,0
DA:104,0
DA:107,0
DA:109,0
DA:112,0
DA:143,0
DA:144,0
DA:146,0
DA:147,0
DA:160,0
DA:161,0
DA:162,0
DA:176,0
DA:179,0
DA:180,0
DA:184,0
DA:185,0
DA:186,0
DA:191,0
DA:192,0
DA:193,0
DA:194,0
DA:197,0
DA:204,0
DA:205,0
DA:206,0
DA:207,0
DA:208,0
DA:211,0
DA:212,0
DA:214,0
DA:218,0
LF:83
LH:0
BRDA:24,0,0,0
BRDA:24,0,1,0
BRDA:26,1,0,0
BRDA:26,1,1,0
BRDA:26,2,0,0
BRDA:26,2,1,0
BRDA:39,3,0,0
BRDA:39,3,1,0
BRDA:39,4,0,0
BRDA:39,4,1,0
BRDA:39,4,2,0
BRDA:39,4,3,0
BRDA:42,5,0,0
BRDA:42,5,1,0
BRDA:48,6,0,0
BRDA:48,6,1,0
BRDA:53,7,0,0
BRDA:53,7,1,0
BRDA:53,8,0,0
BRDA:53,8,1,0
BRDA:53,8,2,0
BRDA:56,9,0,0
BRDA:56,9,1,0
BRDA:75,10,0,0
BRDA:75,10,1,0
BRDA:95,11,0,0
BRDA:95,11,1,0
BRDA:102,12,0,0
BRDA:102,12,1,0
BRDA:102,13,0,0
BRDA:102,13,1,0
BRDA:102,13,2,0
BRDA:134,14,0,0
BRDA:134,14,1,0
BRDA:135,15,0,0
BRDA:135,15,1,0
BRDA:136,16,0,0
BRDA:136,16,1,0
BRDA:138,17,0,0
BRDA:138,17,1,0
BRDA:139,18,0,0
BRDA:139,18,1,0
BRDA:146,19,0,0
BRDA:146,19,1,0
BRDA:146,20,0,0
BRDA:146,20,1,0
BRDA:155,21,0,0
BRDA:155,21,1,0
BRDA:161,22,0,0
BRDA:161,22,1,0
BRDA:161,23,0,0
BRDA:161,23,1,0
BRDA:168,24,0,0
BRDA:168,24,1,0
BRDA:169,25,0,0
BRDA:169,25,1,0
BRDA:170,26,0,0
BRDA:170,26,1,0
BRDA:170,27,0,0
BRDA:170,27,1,0
BRDA:171,28,0,0
BRDA:171,28,1,0
BRDA:171,29,0,0
BRDA:171,29,1,0
BRDA:179,30,0,0
BRDA:179,30,1,0
BRDA:185,31,0,0
BRDA:185,31,1,0
BRF:68
BRH:0
end_of_record
TN:
SF:src\db\import-property-json.js
FN:15,cleanNumber
FN:22,cleanInt
FN:28,parseDate
FN:39,cleanStr
FN:45,normalizeAPN
FN:50,importFromJSON
FNF:6
FNH:0
FNDA:0,cleanNumber
FNDA:0,cleanInt
FNDA:0,parseDate
FNDA:0,cleanStr
FNDA:0,normalizeAPN
FNDA:0,importFromJSON
DA:10,0
DA:12,0
DA:16,0
DA:17,0
DA:18,0
DA:23,0
DA:24,0
DA:29,0
DA:30,0
DA:31,0
DA:32,0
DA:34,0
DA:40,0
DA:41,0
DA:46,0
DA:47,0
DA:52,0
DA:54,0
DA:55,0
DA:56,0
DA:57,0
DA:58,0
DA:59,0
DA:62,0
DA:67,0
DA:68,0
DA:69,0
DA:72,0
DA:73,0
DA:74,0
DA:77,0
DA:78,0
DA:79,0
DA:80,0
DA:81,0
DA:82,0
DA:85,0
DA:86,0
DA:87,0
DA:89,0
DA:90,0
DA:91,0
DA:94,0
DA:96,0
DA:97,0
DA:100,0
DA:101,0
DA:102,0
DA:103,0
DA:104,0
DA:106,0
DA:107,0
DA:108,0
DA:112,0
DA:119,0
DA:120,0
DA:121,0
DA:124,0
DA:132,0
DA:148,0
DA:149,0
DA:153,0
DA:154,0
DA:156,0
DA:158,0
DA:163,0
DA:164,0
DA:174,0
DA:179,0
DA:180,0
DA:182,0
DA:187,0
DA:188,0
DA:190,0
DA:195,0
DA:196,0
DA:200,0
DA:201,0
DA:203,0
DA:208,0
DA:209,0
DA:213,0
DA:218,0
DA:219,0
DA:220,0
DA:225,0
DA:226,0
DA:230,0
DA:235,0
DA:236,0
DA:237,0
DA:243,0
DA:244,0
DA:245,0
DA:246,0
DA:247,0
DA:248,0
DA:249,0
DA:250,0
DA:251,0
DA:254,0
DA:262,0
DA:263,0
DA:264,0
DA:265,0
DA:266,0
DA:269,0
DA:270,0
DA:272,0
DA:277,0
LF:110
LH:0
BRDA:16,0,0,0
BRDA:16,0,1,0
BRDA:16,1,0,0
BRDA:16,1,1,0
BRDA:16,1,2,0
BRDA:16,1,3,0
BRDA:18,2,0,0
BRDA:18,2,1,0
BRDA:24,3,0,0
BRDA:24,3,1,0
BRDA:29,4,0,0
BRDA:29,4,1,0
BRDA:32,5,0,0
BRDA:32,5,1,0
BRDA:40,6,0,0
BRDA:40,6,1,0
BRDA:40,7,0,0
BRDA:40,7,1,0
BRDA:40,7,2,0
BRDA:41,8,0,0
BRDA:41,8,1,0
BRDA:46,9,0,0
BRDA:46,9,1,0
BRDA:52,10,0,0
BRDA:52,10,1,0
BRDA:54,11,0,0
BRDA:54,11,1,0
BRDA:89,12,0,0
BRDA:89,12,1,0
BRDA:96,13,0,0
BRDA:96,13,1,0
BRDA:106,14,0,0
BRDA:106,14,1,0
BRDA:106,15,0,0
BRDA:106,15,1,0
BRDA:119,16,0,0
BRDA:119,16,1,0
BRDA:142,17,0,0
BRDA:142,17,1,0
BRDA:156,18,0,0
BRDA:156,18,1,0
BRDA:156,19,0,0
BRDA:156,19,1,0
BRDA:163,20,0,0
BRDA:163,20,1,0
BRDA:169,21,0,0
BRDA:169,21,1,0
BRDA:180,22,0,0
BRDA:180,22,1,0
BRDA:187,23,0,0
BRDA:187,23,1,0
BRDA:208,24,0,0
BRDA:208,24,1,0
BRDA:219,25,0,0
BRDA:219,25,1,0
BRDA:219,26,0,0
BRDA:219,26,1,0
BRDA:225,27,0,0
BRDA:225,27,1,0
BRDA:236,28,0,0
BRDA:236,28,1,0
BRF:61
BRH:0
end_of_record
TN:
SF:src\db\import-property-search.js
FN:17,cleanNumber
FN:24,cleanInt
FN:30,parseDate
FN:46,cleanStr
FN:52,normalizeAPN
FN:57,importPropertySearch
FNF:6
FNH:0
FNDA:0,cleanNumber
FNDA:0,cleanInt
FNDA:0,parseDate
FNDA:0,cleanStr
FNDA:0,normalizeAPN
FNDA:0,importPropertySearch
DA:12,0
DA:14,0
DA:18,0
DA:19,0
DA:20,0
DA:25,0
DA:26,0
DA:31,0
DA:32,0
DA:34,0
DA:35,0
DA:36,0
DA:38,0
DA:39,0
DA:41,0
DA:47,0
DA:48,0
DA:53,0
DA:54,0
DA:58,0
DA:63,0
DA:64,0
DA:65,0
DA:68,0
DA:71,0
DA:80,0
DA:81,0
DA:82,0
DA:85,0
DA:86,0
DA:87,0
DA:88,0
DA:89,0
DA:90,0
DA:95,0
DA:96,0
DA:97,0
DA:98,0
DA:99,0
DA:102,0
DA:103,0
DA:105,0
DA:106,0
DA:108,0
DA:109,0
DA:112,0
DA:113,0
DA:115,0
DA:116,0
DA:117,0
DA:120,0
DA:121,0
DA:123,0
DA:125,0
DA:126,0
DA:129,0
DA:130,0
DA:135,0
DA:136,0
DA:139,0
DA:140,0
DA:141,0
DA:142,0
DA:143,0
DA:144,0
DA:147,0
DA:148,0
DA:149,0
DA:151,0
DA:153,0
DA:154,0
DA:157,0
DA:158,0
DA:159,0
DA:160,0
DA:161,0
DA:163,0
DA:164,0
DA:165,0
DA:169,0
DA:176,0
DA:177,0
DA:178,0
DA:181,0
DA:189,0
DA:205,0
DA:206,0
DA:210,0
DA:211,0
DA:213,0
DA:215,0
DA:220,0
DA:221,0
DA:231,0
DA:236,0
DA:237,0
DA:240,0
DA:245,0
DA:246,0
DA:248,0
DA:253,0
DA:254,0
DA:258,0
DA:259,0
DA:262,0
DA:267,0
DA:268,0
DA:272,0
DA:277,0
DA:278,0
DA:279,0
DA:284,0
DA:285,0
DA:289,0
DA:294,0
DA:295,0
DA:296,0
DA:302,0
DA:303,0
DA:304,0
DA:305,0
DA:306,0
DA:307,0
DA:308,0
DA:309,0
DA:310,0
DA:313,0
DA:321,0
DA:322,0
DA:323,0
DA:324,0
DA:325,0
DA:328,0
DA:329,0
DA:331,0
DA:336,0
LF:136
LH:0
BRDA:18,0,0,0
BRDA:18,0,1,0
BRDA:18,1,0,0
BRDA:18,1,1,0
BRDA:18,1,2,0
BRDA:18,1,3,0
BRDA:20,2,0,0
BRDA:20,2,1,0
BRDA:26,3,0,0
BRDA:26,3,1,0
BRDA:31,4,0,0
BRDA:31,4,1,0
BRDA:31,5,0,0
BRDA:31,5,1,0
BRDA:34,6,0,0
BRDA:34,6,1,0
BRDA:39,7,0,0
BRDA:39,7,1,0
BRDA:47,8,0,0
BRDA:47,8,1,0
BRDA:47,9,0,0
BRDA:47,9,1,0
BRDA:47,9,2,0
BRDA:48,10,0,0
BRDA:48,10,1,0
BRDA:53,11,0,0
BRDA:53,11,1,0
BRDA:80,12,0,0
BRDA:80,12,1,0
BRDA:80,13,0,0
BRDA:80,13,1,0
BRDA:89,14,0,0
BRDA:89,14,1,0
BRDA:90,15,0,0
BRDA:90,15,1,0
BRDA:95,16,0,0
BRDA:95,16,1,0
BRDA:95,17,0,0
BRDA:95,17,1,0
BRDA:102,18,0,0
BRDA:102,18,1,0
BRDA:103,19,0,0
BRDA:103,19,1,0
BRDA:105,20,0,0
BRDA:105,20,1,0
BRDA:106,21,0,0
BRDA:106,21,1,0
BRDA:108,22,0,0
BRDA:108,22,1,0
BRDA:109,23,0,0
BRDA:109,23,1,0
BRDA:117,24,0,0
BRDA:117,24,1,0
BRDA:120,25,0,0
BRDA:120,25,1,0
BRDA:125,26,0,0
BRDA:125,26,1,0
BRDA:125,27,0,0
BRDA:125,27,1,0
BRDA:129,28,0,0
BRDA:129,28,1,0
BRDA:129,29,0,0
BRDA:129,29,1,0
BRDA:153,30,0,0
BRDA:153,30,1,0
BRDA:163,31,0,0
BRDA:163,31,1,0
BRDA:163,32,0,0
BRDA:163,32,1,0
BRDA:176,33,0,0
BRDA:176,33,1,0
BRDA:199,34,0,0
BRDA:199,34,1,0
BRDA:213,35,0,0
BRDA:213,35,1,0
BRDA:213,36,0,0
BRDA:213,36,1,0
BRDA:220,37,0,0
BRDA:220,37,1,0
BRDA:226,38,0,0
BRDA:226,38,1,0
BRDA:237,39,0,0
BRDA:237,39,1,0
BRDA:245,40,0,0
BRDA:245,40,1,0
BRDA:267,41,0,0
BRDA:267,41,1,0
BRDA:278,42,0,0
BRDA:278,42,1,0
BRDA:278,43,0,0
BRDA:278,43,1,0
BRDA:284,44,0,0
BRDA:284,44,1,0
BRDA:295,45,0,0
BRDA:295,45,1,0
BRF:95
BRH:0
end_of_record
TN:
SF:src\db\normalize-cities.js
FN:85,normalizeCities
FN:111,(anonymous_1)
FN:147,(anonymous_2)
FN:156,(anonymous_3)
FNF:4
FNH:0
FNDA:0,normalizeCities
FNDA:0,(anonymous_1)
FNDA:0,(anonymous_2)
FNDA:0,(anonymous_3)
DA:8,0
DA:9,0
DA:10,0
DA:16,0
DA:86,0
DA:89,0
DA:97,0
DA:98,0
DA:101,0
DA:102,0
DA:103,0
DA:104,0
DA:105,0
DA:106,0
DA:110,0
DA:111,0
DA:112,0
DA:116,0
DA:117,0
DA:118,0
DA:121,0
DA:122,0
DA:126,0
DA:131,0
DA:132,0
DA:135,0
DA:144,0
DA:145,0
DA:146,0
DA:147,0
DA:148,0
DA:151,0
DA:153,0
DA:156,0
DA:157,0
DA:158,0
LF:36
LH:0
BRDA:105,0,0,0
BRDA:105,0,1,0
BRDA:105,1,0,0
BRDA:105,1,1,0
BRF:4
BRH:0
end_of_record
TN:
SF:src\db\run-comps-migration.js
FN:16,runMigration
FN:240,(anonymous_1)
FN:246,(anonymous_2)
FNF:3
FNH:0
FNDA:0,runMigration
FNDA:0,(anonymous_1)
FNDA:0,(anonymous_2)
DA:9,0
DA:10,0
DA:11,0
DA:17,0
DA:20,0
DA:29,0
DA:32,0
DA:40,0
DA:41,0
DA:42,0
DA:43,0
DA:45,0
DA:46,0
DA:48,0
DA:54,0
DA:101,0
DA:104,0
DA:153,0
DA:156,0
DA:172,0
DA:175,0
DA:184,0
DA:192,0
DA:195,0
DA:207,0
DA:208,0
DA:210,0
DA:213,0
DA:214,0
DA:215,0
DA:216,0
DA:218,0
DA:222,0
DA:226,0
DA:230,0
DA:232,0
DA:236,0
DA:240,0
DA:242,0
DA:243,0
DA:246,0
DA:247,0
DA:248,0
LF:43
LH:0
BRDA:45,0,0,0
BRDA:45,0,1,0
BRF:2
BRH:0
end_of_record
TN:
SF:src\db\seed.js
FN:15,seedDatabase
FN:46,(anonymous_1)
FN:81,(anonymous_2)
FN:119,(anonymous_3)
FNF:4
FNH:0
FNDA:0,seedDatabase
FNDA:0,(anonymous_1)
FNDA:0,(anonymous_2)
FNDA:0,(anonymous_3)
DA:11,0
DA:13,0
DA:16,0
DA:21,0
DA:22,0
DA:23,0
DA:26,0
DA:32,0
DA:33,0
DA:35,0
DA:36,0
DA:37,0
DA:38,0
DA:39,0
DA:43,0
DA:44,0
DA:45,0
DA:46,0
DA:47,0
DA:50,0
DA:51,0
DA:54,0
DA:55,0
DA:57,0
DA:58,0
DA:59,0
DA:62,0
DA:65,0
DA:66,0
DA:67,0
DA:68,0
DA:69,0
DA:70,0
DA:73,0
DA:74,0
DA:75,0
DA:78,0
DA:80,0
DA:81,0
DA:82,0
DA:84,0
DA:99,0
DA:100,0
DA:102,0
DA:103,0
DA:107,0
DA:108,0
DA:109,0
DA:112,0
DA:118,0
DA:119,0
DA:120,0
DA:124,0
DA:125,0
DA:127,0
DA:131,0
LF:56
LH:0
BRDA:36,0,0,0
BRDA:36,0,1,0
BRDA:43,1,0,0
BRDA:43,1,1,0
BRDA:58,2,0,0
BRDA:58,2,1,0
BRDA:62,3,0,0
BRDA:62,3,1,0
BRDA:62,3,2,0
BRDA:62,3,3,0
BRDA:62,3,4,0
BRDA:65,4,0,0
BRDA:65,4,1,0
BRDA:65,4,2,0
BRDA:65,4,3,0
BRDA:65,4,4,0
BRDA:66,5,0,0
BRDA:66,5,1,0
BRDA:66,5,2,0
BRDA:66,5,3,0
BRDA:67,6,0,0
BRDA:67,6,1,0
BRDA:67,6,2,0
BRDA:68,7,0,0
BRDA:68,7,1,0
BRDA:68,7,2,0
BRDA:68,7,3,0
BRDA:69,8,0,0
BRDA:69,8,1,0
BRDA:69,8,2,0
BRDA:69,8,3,0
BRDA:70,9,0,0
BRDA:70,9,1,0
BRDA:70,9,2,0
BRDA:73,10,0,0
BRDA:73,10,1,0
BRDA:73,11,0,0
BRDA:73,11,1,0
BRF:38
BRH:0
end_of_record
TN:
SF:src\db\verify-import.js
FN:15,verifyData
FN:53,(anonymous_1)
FN:66,(anonymous_2)
FN:113,(anonymous_3)
FN:124,(anonymous_4)
FNF:5
FNH:0
FNDA:0,verifyData
FNDA:0,(anonymous_1)
FNDA:0,(anonymous_2)
FNDA:0,(anonymous_3)
FNDA:0,(anonymous_4)
DA:8,0
DA:9,0
DA:10,0
DA:16,0
DA:17,0
DA:18,0
DA:21,0
DA:31,0
DA:33,0
DA:34,0
DA:35,0
DA:36,0
DA:37,0
DA:38,0
DA:39,0
DA:40,0
DA:43,0
DA:52,0
DA:53,0
DA:54,0
DA:58,0
DA:65,0
DA:66,0
DA:67,0
DA:71,0
DA:79,0
DA:81,0
DA:82,0
DA:83,0
DA:84,0
DA:87,0
DA:95,0
DA:97,0
DA:98,0
DA:99,0
DA:100,0
DA:101,0
DA:104,0
DA:112,0
DA:113,0
DA:114,0
DA:117,0
DA:118,0
DA:119,0
DA:121,0
DA:124,0
DA:125,0
DA:126,0
LF:48
LH:0
BRDA:67,0,0,0
BRDA:67,0,1,0
BRF:2
BRH:0
end_of_record
TN:
SF:src\routes\alerts.js
FN:19,(anonymous_0)
FN:57,(anonymous_1)
FN:83,(anonymous_2)
FN:108,(anonymous_3)
FN:139,(anonymous_4)
FN:177,(anonymous_5)
FN:199,(anonymous_6)
FN:226,(anonymous_7)
FNF:8
FNH:0
FNDA:0,(anonymous_0)
FNDA:0,(anonymous_1)
FNDA:0,(anonymous_2)
FNDA:0,(anonymous_3)
FNDA:0,(anonymous_4)
FNDA:0,(anonymous_5)
FNDA:0,(anonymous_6)
FNDA:0,(anonymous_7)
DA:5,0
DA:8,0
DA:19,0
DA:20,0
DA:25,0
DA:27,0
DA:29,0
DA:50,0
DA:52,0
DA:57,0
DA:58,0
DA:59,0
DA:76,0
DA:78,0
DA:83,0
DA:84,0
DA:85,0
DA:101,0
DA:103,0
DA:108,0
DA:109,0
DA:110,0
DA:112,0
DA:129,0
DA:131,0
DA:132,0
DA:134,0
DA:139,0
DA:140,0
DA:141,0
DA:142,0
DA:144,0
DA:145,0
DA:146,0
DA:148,0
DA:149,0
DA:150,0
DA:151,0
DA:154,0
DA:156,0
DA:163,0
DA:164,0
DA:167,0
DA:169,0
DA:170,0
DA:172,0
DA:177,0
DA:178,0
DA:179,0
DA:181,0
DA:188,0
DA:189,0
DA:192,0
DA:194,0
DA:199,0
DA:200,0
DA:201,0
DA:202,0
DA:204,0
DA:205,0
DA:208,0
DA:215,0
DA:216,0
DA:219,0
DA:221,0
DA:226,0
DA:227,0
DA:228,0
DA:230,0
DA:234,0
DA:235,0
DA:238,0
DA:240,0
LF:73
LH:0
BRDA:22,0,0,0
BRDA:23,1,0,0
BRDA:24,2,0,0
BRDA:131,3,0,0
BRDA:131,3,1,0
BRDA:163,4,0,0
BRDA:163,4,1,0
BRDA:169,5,0,0
BRDA:169,5,1,0
BRDA:188,6,0,0
BRDA:188,6,1,0
BRDA:204,7,0,0
BRDA:204,7,1,0
BRDA:215,8,0,0
BRDA:215,8,1,0
BRDA:234,9,0,0
BRDA:234,9,1,0
BRF:17
BRH:0
end_of_record
TN:
SF:src\routes\buildings.js
FN:20,(anonymous_0)
FN:52,(anonymous_1)
FN:95,(anonymous_2)
FN:139,(anonymous_3)
FNF:4
FNH:0
FNDA:0,(anonymous_0)
FNDA:0,(anonymous_1)
FNDA:0,(anonymous_2)
FNDA:0,(anonymous_3)
DA:5,0
DA:8,0
DA:20,0
DA:21,0
DA:22,0
DA:24,0
DA:42,0
DA:44,0
DA:45,0
DA:47,0
DA:52,0
DA:53,0
DA:54,0
DA:56,0
DA:84,0
DA:85,0
DA:88,0
DA:90,0
DA:95,0
DA:96,0
DA:97,0
DA:98,0
DA:100,0
DA:101,0
DA:102,0
DA:104,0
DA:105,0
DA:106,0
DA:107,0
DA:108,0
DA:112,0
DA:113,0
DA:116,0
DA:118,0
DA:125,0
DA:126,0
DA:129,0
DA:131,0
DA:132,0
DA:134,0
DA:139,0
DA:140,0
DA:141,0
DA:143,0
DA:147,0
DA:148,0
DA:151,0
DA:153,0
LF:48
LH:0
BRDA:44,0,0,0
BRDA:44,0,1,0
BRDA:84,1,0,0
BRDA:84,1,1,0
BRDA:105,2,0,0
BRDA:105,2,1,0
BRDA:112,3,0,0
BRDA:112,3,1,0
BRDA:125,4,0,0
BRDA:125,4,1,0
BRDA:131,5,0,0
BRDA:131,5,1,0
BRDA:147,6,0,0
BRDA:147,6,1,0
BRF:14
BRH:0
end_of_record
TN:
SF:src\routes\comps.js
FN:11,(anonymous_0)
FN:78,(anonymous_1)
FN:91,(anonymous_2)
FN:145,(anonymous_3)
FN:185,(anonymous_4)
FN:202,(anonymous_5)
FN:282,(anonymous_6)
FN:295,(anonymous_7)
FN:346,(anonymous_8)
FN:385,(anonymous_9)
FN:402,(anonymous_10)
FN:418,(anonymous_11)
FN:453,(anonymous_12)
FN:497,(anonymous_13)
FN:515,(anonymous_14)
FN:569,(anonymous_15)
FN:589,(anonymous_16)
FN:624,(anonymous_17)
FN:650,(anonymous_18)
FN:699,(anonymous_19)
FN:752,(anonymous_20)
FN:789,(anonymous_21)
FN:818,(anonymous_22)
FN:843,(anonymous_23)
FNF:24
FNH:0
FNDA:0,(anonymous_0)
FNDA:0,(anonymous_1)
FNDA:0,(anonymous_2)
FNDA:0,(anonymous_3)
FNDA:0,(anonymous_4)
FNDA:0,(anonymous_5)
FNDA:0,(anonymous_6)
FNDA:0,(anonymous_7)
FNDA:0,(anonymous_8)
FNDA:0,(anonymous_9)
FNDA:0,(anonymous_10)
FNDA:0,(anonymous_11)
FNDA:0,(anonymous_12)
FNDA:0,(anonymous_13)
FNDA:0,(anonymous_14)
FNDA:0,(anonymous_15)
FNDA:0,(anonymous_16)
FNDA:0,(anonymous_17)
FNDA:0,(anonymous_18)
FNDA:0,(anonymous_19)
FNDA:0,(anonymous_20)
FNDA:0,(anonymous_21)
FNDA:0,(anonymous_22)
FNDA:0,(anonymous_23)
DA:4,0
DA:11,0
DA:12,0
DA:17,0
DA:19,0
DA:23,0
DA:24,0
DA:26,0
DA:27,0
DA:28,0
DA:30,0
DA:31,0
DA:32,0
DA:34,0
DA:35,0
DA:36,0
DA:38,0
DA:39,0
DA:40,0
DA:42,0
DA:43,0
DA:44,0
DA:46,0
DA:47,0
DA:48,0
DA:50,0
DA:51,0
DA:52,0
DA:54,0
DA:55,0
DA:56,0
DA:58,0
DA:59,0
DA:60,0
DA:62,0
DA:63,0
DA:64,0
DA:67,0
DA:68,0
DA:70,0
DA:71,0
DA:73,0
DA:78,0
DA:79,0
DA:80,0
DA:81,0
DA:82,0
DA:84,0
DA:86,0
DA:91,0
DA:92,0
DA:104,0
DA:106,0
DA:138,0
DA:140,0
DA:145,0
DA:146,0
DA:147,0
DA:148,0
DA:151,0
DA:152,0
DA:153,0
DA:155,0
DA:156,0
DA:157,0
DA:158,0
DA:162,0
DA:163,0
DA:166,0
DA:167,0
DA:174,0
DA:175,0
DA:176,0
DA:178,0
DA:180,0
DA:185,0
DA:186,0
DA:187,0
DA:188,0
DA:189,0
DA:191,0
DA:193,0
DA:202,0
DA:203,0
DA:208,0
DA:210,0
DA:214,0
DA:215,0
DA:217,0
DA:218,0
DA:219,0
DA:221,0
DA:222,0
DA:223,0
DA:225,0
DA:226,0
DA:227,0
DA:229,0
DA:230,0
DA:231,0
DA:234,0
DA:235,0
DA:236,0
DA:238,0
DA:239,0
DA:240,0
DA:242,0
DA:243,0
DA:244,0
DA:246,0
DA:247,0
DA:248,0
DA:250,0
DA:251,0
DA:252,0
DA:254,0
DA:255,0
DA:256,0
DA:258,0
DA:259,0
DA:260,0
DA:262,0
DA:263,0
DA:264,0
DA:266,0
DA:267,0
DA:268,0
DA:271,0
DA:272,0
DA:274,0
DA:275,0
DA:277,0
DA:282,0
DA:283,0
DA:284,0
DA:285,0
DA:286,0
DA:288,0
DA:290,0
DA:295,0
DA:296,0
DA:307,0
DA:309,0
DA:339,0
DA:341,0
DA:346,0
DA:347,0
DA:348,0
DA:349,0
DA:351,0
DA:352,0
DA:353,0
DA:355,0
DA:356,0
DA:357,0
DA:358,0
DA:362,0
DA:363,0
DA:366,0
DA:367,0
DA:374,0
DA:375,0
DA:376,0
DA:378,0
DA:380,0
DA:385,0
DA:386,0
DA:387,0
DA:388,0
DA:389,0
DA:391,0
DA:393,0
DA:402,0
DA:403,0
DA:404,0
DA:411,0
DA:413,0
DA:418,0
DA:419,0
DA:420,0
DA:421,0
DA:422,0
DA:425,0
DA:428,0
DA:429,0
DA:435,0
DA:437,0
DA:443,0
DA:446,0
DA:448,0
DA:453,0
DA:454,0
DA:460,0
DA:462,0
DA:475,0
DA:478,0
DA:479,0
DA:480,0
DA:482,0
DA:483,0
DA:490,0
DA:492,0
DA:497,0
DA:498,0
DA:499,0
DA:500,0
DA:501,0
DA:503,0
DA:505,0
DA:515,0
DA:516,0
DA:517,0
DA:518,0
DA:521,0
DA:526,0
DA:527,0
DA:530,0
DA:533,0
DA:534,0
DA:542,0
DA:548,0
DA:549,0
DA:554,0
DA:556,0
DA:564,0
DA:569,0
DA:570,0
DA:571,0
DA:573,0
DA:574,0
DA:577,0
DA:580,0
DA:587,0
DA:589,0
DA:590,0
DA:591,0
DA:600,0
DA:604,0
DA:608,0
DA:617,0
DA:619,0
DA:624,0
DA:625,0
DA:626,0
DA:627,0
DA:628,0
DA:630,0
DA:635,0
DA:636,0
DA:639,0
DA:641,0
DA:650,0
DA:651,0
DA:652,0
DA:654,0
DA:655,0
DA:656,0
DA:658,0
DA:659,0
DA:660,0
DA:662,0
DA:663,0
DA:664,0
DA:666,0
DA:667,0
DA:668,0
DA:670,0
DA:671,0
DA:672,0
DA:674,0
DA:675,0
DA:676,0
DA:679,0
DA:692,0
DA:694,0
DA:699,0
DA:700,0
DA:701,0
DA:703,0
DA:704,0
DA:705,0
DA:707,0
DA:708,0
DA:709,0
DA:711,0
DA:712,0
DA:713,0
DA:715,0
DA:716,0
DA:717,0
DA:719,0
DA:720,0
DA:721,0
DA:723,0
DA:724,0
DA:725,0
DA:728,0
DA:741,0
DA:743,0
DA:752,0
DA:753,0
DA:754,0
DA:756,0
DA:782,0
DA:789,0
DA:790,0
DA:791,0
DA:792,0
DA:793,0
DA:794,0
DA:795,0
DA:796,0
DA:798,0
DA:802,0
DA:813,0
DA:818,0
DA:819,0
DA:820,0
DA:821,0
DA:823,0
DA:832,0
DA:833,0
DA:836,0
DA:838,0
DA:843,0
DA:844,0
DA:845,0
DA:858,0
DA:860,0
LF:329
LH:0
BRDA:16,0,0,0
BRDA:26,1,0,0
BRDA:26,1,1,0
BRDA:30,2,0,0
BRDA:30,2,1,0
BRDA:34,3,0,0
BRDA:34,3,1,0
BRDA:38,4,0,0
BRDA:38,4,1,0
BRDA:42,5,0,0
BRDA:42,5,1,0
BRDA:46,6,0,0
BRDA:46,6,1,0
BRDA:50,7,0,0
BRDA:50,7,1,0
BRDA:54,8,0,0
BRDA:54,8,1,0
BRDA:58,9,0,0
BRDA:58,9,1,0
BRDA:62,10,0,0
BRDA:62,10,1,0
BRDA:81,11,0,0
BRDA:81,11,1,0
BRDA:126,12,0,0
BRDA:126,12,1,0
BRDA:131,13,0,0
BRDA:131,13,1,0
BRDA:135,14,0,0
BRDA:135,14,1,0
BRDA:135,15,0,0
BRDA:135,15,1,0
BRDA:156,16,0,0
BRDA:156,16,1,0
BRDA:156,17,0,0
BRDA:156,17,1,0
BRDA:162,18,0,0
BRDA:162,18,1,0
BRDA:175,19,0,0
BRDA:175,19,1,0
BRDA:188,20,0,0
BRDA:188,20,1,0
BRDA:207,21,0,0
BRDA:217,22,0,0
BRDA:217,22,1,0
BRDA:221,23,0,0
BRDA:221,23,1,0
BRDA:225,24,0,0
BRDA:225,24,1,0
BRDA:229,25,0,0
BRDA:229,25,1,0
BRDA:234,26,0,0
BRDA:234,26,1,0
BRDA:234,27,0,0
BRDA:234,27,1,0
BRDA:236,28,0,0
BRDA:236,28,1,0
BRDA:238,29,0,0
BRDA:238,29,1,0
BRDA:238,30,0,0
BRDA:238,30,1,0
BRDA:240,31,0,0
BRDA:240,31,1,0
BRDA:242,32,0,0
BRDA:242,32,1,0
BRDA:246,33,0,0
BRDA:246,33,1,0
BRDA:250,34,0,0
BRDA:250,34,1,0
BRDA:254,35,0,0
BRDA:254,35,1,0
BRDA:258,36,0,0
BRDA:258,36,1,0
BRDA:262,37,0,0
BRDA:262,37,1,0
BRDA:266,38,0,0
BRDA:266,38,1,0
BRDA:285,39,0,0
BRDA:285,39,1,0
BRDA:328,40,0,0
BRDA:328,40,1,0
BRDA:336,41,0,0
BRDA:336,41,1,0
BRDA:336,42,0,0
BRDA:336,42,1,0
BRDA:356,43,0,0
BRDA:356,43,1,0
BRDA:356,44,0,0
BRDA:356,44,1,0
BRDA:362,45,0,0
BRDA:362,45,1,0
BRDA:375,46,0,0
BRDA:375,46,1,0
BRDA:388,47,0,0
BRDA:388,47,1,0
BRDA:421,48,0,0
BRDA:421,48,1,0
BRDA:428,49,0,0
BRDA:428,49,1,0
BRDA:478,50,0,0
BRDA:478,50,1,0
BRDA:478,51,0,0
BRDA:478,51,1,0
BRDA:479,52,0,0
BRDA:479,52,1,0
BRDA:480,53,0,0
BRDA:480,53,1,0
BRDA:500,54,0,0
BRDA:500,54,1,0
BRDA:518,55,0,0
BRDA:518,55,1,0
BRDA:526,56,0,0
BRDA:526,56,1,0
BRDA:533,57,0,0
BRDA:533,57,1,0
BRDA:536,58,0,0
BRDA:536,58,1,0
BRDA:543,59,0,0
BRDA:543,59,1,0
BRDA:543,60,0,0
BRDA:543,60,1,0
BRDA:548,61,0,0
BRDA:548,61,1,0
BRDA:549,62,0,0
BRDA:549,62,1,0
BRDA:554,63,0,0
BRDA:554,63,1,0
BRDA:561,64,0,0
BRDA:561,64,1,0
BRDA:561,65,0,0
BRDA:561,65,1,0
BRDA:573,66,0,0
BRDA:573,66,1,0
BRDA:573,67,0,0
BRDA:573,67,1,0
BRDA:573,67,2,0
BRDA:577,68,0,0
BRDA:577,68,1,0
BRDA:587,69,0,0
BRDA:587,69,1,0
BRDA:590,70,0,0
BRDA:590,70,1,0
BRDA:594,71,0,0
BRDA:594,71,1,0
BRDA:601,72,0,0
BRDA:601,72,1,0
BRDA:601,73,0,0
BRDA:601,73,1,0
BRDA:604,74,0,0
BRDA:604,74,1,0
BRDA:613,75,0,0
BRDA:613,75,1,0
BRDA:613,76,0,0
BRDA:613,76,1,0
BRDA:628,77,0,0
BRDA:628,77,1,0
BRDA:632,78,0,0
BRDA:632,78,1,0
BRDA:635,79,0,0
BRDA:635,79,1,0
BRDA:658,80,0,0
BRDA:658,80,1,0
BRDA:662,81,0,0
BRDA:662,81,1,0
BRDA:666,82,0,0
BRDA:666,82,1,0
BRDA:670,83,0,0
BRDA:670,83,1,0
BRDA:674,84,0,0
BRDA:674,84,1,0
BRDA:707,85,0,0
BRDA:707,85,1,0
BRDA:711,86,0,0
BRDA:711,86,1,0
BRDA:715,87,0,0
BRDA:715,87,1,0
BRDA:719,88,0,0
BRDA:719,88,1,0
BRDA:723,89,0,0
BRDA:723,89,1,0
BRDA:754,90,0,0
BRDA:791,91,0,0
BRDA:791,91,1,0
BRDA:793,92,0,0
BRDA:793,92,1,0
BRDA:795,93,0,0
BRDA:795,93,1,0
BRDA:832,94,0,0
BRDA:832,94,1,0
BRF:188
BRH:0
end_of_record
TN:
SF:src\routes\crm.js
FN:11,(anonymous_0)
FN:99,(anonymous_1)
FN:103,(anonymous_2)
FN:112,(anonymous_3)
FN:138,(anonymous_4)
FNF:5
FNH:0
FNDA:0,(anonymous_0)
FNDA:0,(anonymous_1)
FNDA:0,(anonymous_2)
FNDA:0,(anonymous_3)
FNDA:0,(anonymous_4)
DA:5,0
DA:11,0
DA:12,0
DA:13,0
DA:19,0
DA:20,0
DA:21,0
DA:24,0
DA:97,0
DA:98,0
DA:99,0
DA:103,0
DA:105,0
DA:107,0
DA:112,0
DA:113,0
DA:114,0
DA:116,0
DA:124,0
DA:125,0
DA:128,0
DA:129,0
DA:131,0
DA:133,0
DA:138,0
DA:139,0
DA:140,0
DA:144,0
DA:146,0
LF:29
LH:0
BRDA:13,0,0,0
BRDA:98,1,0,0
BRDA:98,1,1,0
BRDA:103,2,0,0
BRDA:103,2,1,0
BRDA:124,3,0,0
BRDA:124,3,1,0
BRDA:129,4,0,0
BRDA:129,4,1,0
BRF:9
BRH:0
end_of_record
TN:
SF:src\routes\documents.js
FN:12,(anonymous_0)
FN:34,(anonymous_1)
FN:52,(anonymous_2)
FN:74,(anonymous_3)
FN:93,(anonymous_4)
FN:113,(anonymous_5)
FN:129,(anonymous_6)
FN:147,(anonymous_7)
FN:156,(anonymous_8)
FNF:9
FNH:0
FNDA:0,(anonymous_0)
FNDA:0,(anonymous_1)
FNDA:0,(anonymous_2)
FNDA:0,(anonymous_3)
FNDA:0,(anonymous_4)
FNDA:0,(anonymous_5)
FNDA:0,(anonymous_6)
FNDA:0,(anonymous_7)
FNDA:0,(anonymous_8)
DA:4,0
DA:6,0
DA:9,0
DA:12,0
DA:13,0
DA:14,0
DA:16,0
DA:17,0
DA:20,0
DA:21,0
DA:22,0
DA:24,0
DA:26,0
DA:27,0
DA:28,0
DA:31,0
DA:34,0
DA:40,0
DA:45,0
DA:47,0
DA:52,0
DA:53,0
DA:54,0
DA:56,0
DA:57,0
DA:60,0
DA:62,0
DA:64,0
DA:65,0
DA:66,0
DA:68,0
DA:71,0
DA:74,0
DA:81,0
DA:87,0
DA:88,0
DA:93,0
DA:94,0
DA:95,0
DA:97,0
DA:98,0
DA:102,0
DA:103,0
DA:104,0
DA:106,0
DA:108,0
DA:109,0
DA:112,0
DA:113,0
DA:114,0
DA:118,0
DA:123,0
DA:124,0
DA:129,0
DA:130,0
DA:131,0
DA:133,0
DA:134,0
DA:138,0
DA:141,0
DA:142,0
DA:143,0
DA:146,0
DA:147,0
DA:148,0
DA:149,0
DA:150,0
DA:151,0
DA:153,0
DA:154,0
DA:155,0
DA:156,0
DA:157,0
DA:162,0
DA:165,0
DA:170,0
DA:172,0
DA:173,0
LF:78
LH:0
BRDA:9,0,0,0
BRDA:9,0,1,0
BRDA:14,1,0,0
BRDA:16,2,0,0
BRDA:16,2,1,0
BRDA:16,3,0,0
BRDA:16,3,1,0
BRDA:26,4,0,0
BRDA:26,4,1,0
BRDA:34,5,0,0
BRDA:34,5,1,0
BRDA:36,6,0,0
BRDA:36,6,1,0
BRDA:36,6,2,0
BRDA:37,7,0,0
BRDA:37,7,1,0
BRDA:56,8,0,0
BRDA:56,8,1,0
BRDA:64,9,0,0
BRDA:64,9,1,0
BRDA:65,10,0,0
BRDA:65,10,1,0
BRDA:74,11,0,0
BRDA:74,11,1,0
BRDA:75,12,0,0
BRDA:75,12,1,0
BRDA:76,13,0,0
BRDA:76,13,1,0
BRDA:76,14,0,0
BRDA:76,14,1,0
BRDA:82,15,0,0
BRDA:82,15,1,0
BRDA:97,16,0,0
BRDA:97,16,1,0
BRDA:108,17,0,0
BRDA:108,17,1,0
BRDA:114,18,0,0
BRDA:114,18,1,0
BRDA:120,19,0,0
BRDA:120,19,1,0
BRDA:133,20,0,0
BRDA:133,20,1,0
BRDA:133,21,0,0
BRDA:133,21,1,0
BRDA:154,22,0,0
BRDA:154,22,1,0
BRDA:159,23,0,0
BRDA:159,23,1,0
BRF:48
BRH:0
end_of_record
TN:
SF:src\routes\entities.js
FN:27,(anonymous_0)
FN:69,(anonymous_1)
FN:89,(anonymous_2)
FN:123,(anonymous_3)
FN:165,(anonymous_4)
FN:186,(anonymous_5)
FN:212,(anonymous_6)
FN:258,(anonymous_7)
FNF:8
FNH:0
FNDA:0,(anonymous_0)
FNDA:0,(anonymous_1)
FNDA:0,(anonymous_2)
FNDA:0,(anonymous_3)
FNDA:0,(anonymous_4)
FNDA:0,(anonymous_5)
FNDA:0,(anonymous_6)
FNDA:0,(anonymous_7)
DA:5,0
DA:8,0
DA:15,0
DA:27,0
DA:28,0
DA:29,0
DA:32,0
DA:33,0
DA:48,0
DA:62,0
DA:64,0
DA:69,0
DA:70,0
DA:71,0
DA:73,0
DA:79,0
DA:81,0
DA:82,0
DA:84,0
DA:89,0
DA:90,0
DA:91,0
DA:94,0
DA:98,0
DA:99,0
DA:103,0
DA:108,0
DA:112,0
DA:118,0
DA:123,0
DA:124,0
DA:125,0
DA:126,0
DA:128,0
DA:129,0
DA:130,0
DA:132,0
DA:133,0
DA:134,0
DA:135,0
DA:138,0
DA:139,0
DA:142,0
DA:144,0
DA:151,0
DA:152,0
DA:155,0
DA:157,0
DA:158,0
DA:160,0
DA:165,0
DA:166,0
DA:167,0
DA:169,0
DA:173,0
DA:174,0
DA:177,0
DA:179,0
DA:186,0
DA:187,0
DA:188,0
DA:189,0
DA:192,0
DA:193,0
DA:196,0
DA:202,0
DA:204,0
DA:205,0
DA:207,0
DA:212,0
DA:213,0
DA:214,0
DA:215,0
DA:218,0
DA:219,0
DA:222,0
DA:223,0
DA:224,0
DA:226,0
DA:227,0
DA:228,0
DA:229,0
DA:230,0
DA:234,0
DA:235,0
DA:237,0
DA:244,0
DA:245,0
DA:248,0
DA:250,0
DA:251,0
DA:253,0
DA:258,0
DA:259,0
DA:260,0
DA:262,0
DA:266,0
DA:267,0
DA:270,0
DA:272,0
LF:100
LH:0
BRDA:29,0,0,0
BRDA:32,1,0,0
BRDA:32,1,1,0
BRDA:32,2,0,0
BRDA:32,2,1,0
BRDA:81,3,0,0
BRDA:81,3,1,0
BRDA:98,4,0,0
BRDA:98,4,1,0
BRDA:138,5,0,0
BRDA:138,5,1,0
BRDA:151,6,0,0
BRDA:151,6,1,0
BRDA:157,7,0,0
BRDA:157,7,1,0
BRDA:173,8,0,0
BRDA:173,8,1,0
BRDA:192,9,0,0
BRDA:192,9,1,0
BRDA:204,10,0,0
BRDA:204,10,1,0
BRDA:218,11,0,0
BRDA:218,11,1,0
BRDA:227,12,0,0
BRDA:227,12,1,0
BRDA:244,13,0,0
BRDA:244,13,1,0
BRDA:250,14,0,0
BRDA:250,14,1,0
BRDA:266,15,0,0
BRDA:266,15,1,0
BRF:31
BRH:0
end_of_record
TN:
SF:src\routes\occupancy.js
FN:23,(anonymous_0)
FN:69,(anonymous_1)
FN:109,(anonymous_2)
FN:153,(anonymous_3)
FN:185,(anonymous_4)
FN:203,(anonymous_5)
FNF:6
FNH:0
FNDA:0,(anonymous_0)
FNDA:0,(anonymous_1)
FNDA:0,(anonymous_2)
FNDA:0,(anonymous_3)
FNDA:0,(anonymous_4)
FNDA:0,(anonymous_5)
DA:5,0
DA:8,0
DA:23,0
DA:24,0
DA:25,0
DA:28,0
DA:33,0
DA:37,0
DA:59,0
DA:61,0
DA:62,0
DA:64,0
DA:69,0
DA:70,0
DA:71,0
DA:73,0
DA:98,0
DA:99,0
DA:102,0
DA:104,0
DA:109,0
DA:110,0
DA:111,0
DA:112,0
DA:114,0
DA:115,0
DA:116,0
DA:118,0
DA:119,0
DA:120,0
DA:121,0
DA:122,0
DA:126,0
DA:127,0
DA:130,0
DA:132,0
DA:139,0
DA:140,0
DA:143,0
DA:145,0
DA:146,0
DA:148,0
DA:153,0
DA:154,0
DA:155,0
DA:158,0
DA:162,0
DA:163,0
DA:166,0
DA:169,0
DA:174,0
DA:178,0
DA:180,0
DA:185,0
DA:186,0
DA:187,0
DA:189,0
DA:196,0
DA:198,0
DA:203,0
DA:204,0
DA:205,0
DA:226,0
DA:228,0
LF:64
LH:0
BRDA:61,0,0,0
BRDA:61,0,1,0
BRDA:98,1,0,0
BRDA:98,1,1,0
BRDA:119,2,0,0
BRDA:119,2,1,0
BRDA:126,3,0,0
BRDA:126,3,1,0
BRDA:139,4,0,0
BRDA:139,4,1,0
BRDA:145,5,0,0
BRDA:145,5,1,0
BRDA:162,6,0,0
BRDA:162,6,1,0
BRDA:187,7,0,0
BRF:15
BRH:0
end_of_record
TN:
SF:src\routes\ownership.js
FN:19,(anonymous_0)
FN:55,(anonymous_1)
FN:83,(anonymous_2)
FN:129,(anonymous_3)
FNF:4
FNH:0
FNDA:0,(anonymous_0)
FNDA:0,(anonymous_1)
FNDA:0,(anonymous_2)
FNDA:0,(anonymous_3)
DA:5,0
DA:8,0
DA:19,0
DA:20,0
DA:21,0
DA:24,0
DA:28,0
DA:45,0
DA:47,0
DA:48,0
DA:50,0
DA:55,0
DA:56,0
DA:57,0
DA:59,0
DA:76,0
DA:78,0
DA:83,0
DA:84,0
DA:85,0
DA:87,0
DA:118,0
DA:119,0
DA:122,0
DA:124,0
DA:129,0
DA:130,0
DA:131,0
DA:132,0
DA:134,0
DA:135,0
DA:136,0
DA:138,0
DA:139,0
DA:140,0
DA:141,0
DA:142,0
DA:146,0
DA:147,0
DA:150,0
DA:152,0
DA:159,0
DA:160,0
DA:163,0
DA:165,0
DA:166,0
DA:168,0
LF:47
LH:0
BRDA:47,0,0,0
BRDA:47,0,1,0
BRDA:118,1,0,0
BRDA:118,1,1,0
BRDA:139,2,0,0
BRDA:139,2,1,0
BRDA:146,3,0,0
BRDA:146,3,1,0
BRDA:159,4,0,0
BRDA:159,4,1,0
BRDA:165,5,0,0
BRDA:165,5,1,0
BRF:12
BRH:0
end_of_record
TN:
SF:src\routes\parcels.js
FN:7,(anonymous_0)
FN:41,(anonymous_1)
FN:65,(anonymous_2)
FN:154,(anonymous_3)
FN:164,(anonymous_4)
FN:175,(anonymous_5)
FN:197,(anonymous_6)
FNF:7
FNH:0
FNDA:0,(anonymous_0)
FNDA:0,(anonymous_1)
FNDA:0,(anonymous_2)
FNDA:0,(anonymous_3)
FNDA:0,(anonymous_4)
FNDA:0,(anonymous_5)
FNDA:0,(anonymous_6)
DA:4,0
DA:7,0
DA:8,0
DA:9,0
DA:11,0
DA:12,0
DA:17,0
DA:39,0
DA:41,0
DA:60,0
DA:65,0
DA:66,0
DA:67,0
DA:69,0
DA:70,0
DA:73,0
DA:74,0
DA:77,0
DA:154,0
DA:164,0
DA:175,0
DA:185,0
DA:192,0
DA:197,0
DA:198,0
DA:199,0
DA:202,0
DA:211,0
DA:212,0
DA:215,0
DA:218,0
DA:255,0
DA:260,0
LF:33
LH:0
BRDA:9,0,0,0
BRDA:11,1,0,0
BRDA:11,1,1,0
BRDA:11,2,0,0
BRDA:11,2,1,0
BRDA:11,2,2,0
BRDA:11,2,3,0
BRDA:67,3,0,0
BRDA:69,4,0,0
BRDA:69,4,1,0
BRDA:69,5,0,0
BRDA:69,5,1,0
BRDA:79,6,0,0
BRDA:79,6,1,0
BRDA:211,7,0,0
BRDA:211,7,1,0
BRF:16
BRH:0
end_of_record
TN:
SF:src\routes\places.js
FN:11,(anonymous_0)
FN:41,(anonymous_1)
FN:63,(anonymous_2)
FN:90,(anonymous_3)
FN:118,(anonymous_4)
FN:132,(anonymous_5)
FNF:6
FNH:0
FNDA:0,(anonymous_0)
FNDA:0,(anonymous_1)
FNDA:0,(anonymous_2)
FNDA:0,(anonymous_3)
FNDA:0,(anonymous_4)
FNDA:0,(anonymous_5)
DA:4,0
DA:6,0
DA:8,0
DA:11,0
DA:12,0
DA:13,0
DA:15,0
DA:16,0
DA:19,0
DA:20,0
DA:23,0
DA:24,0
DA:25,0
DA:26,0
DA:27,0
DA:29,0
DA:30,0
DA:32,0
DA:33,0
DA:34,0
DA:41,0
DA:53,0
DA:58,0
DA:63,0
DA:64,0
DA:65,0
DA:67,0
DA:68,0
DA:71,0
DA:72,0
DA:73,0
DA:74,0
DA:76,0
DA:77,0
DA:79,0
DA:80,0
DA:83,0
DA:85,0
DA:90,0
DA:91,0
DA:92,0
DA:94,0
DA:95,0
DA:98,0
DA:99,0
DA:102,0
DA:103,0
DA:104,0
DA:105,0
DA:107,0
DA:108,0
DA:109,0
DA:111,0
DA:112,0
DA:114,0
DA:115,0
DA:118,0
DA:125,0
DA:127,0
DA:132,0
DA:133,0
DA:134,0
DA:136,0
DA:137,0
DA:140,0
DA:141,0
DA:146,0
DA:148,0
DA:149,0
DA:150,0
DA:151,0
DA:153,0
DA:154,0
DA:156,0
DA:157,0
DA:160,0
DA:161,0
DA:163,0
DA:170,0
DA:171,0
DA:172,0
DA:174,0
DA:175,0
DA:177,0
DA:178,0
DA:181,0
DA:182,0
DA:183,0
DA:185,0
DA:192,0
LF:90
LH:0
BRDA:13,0,0,0
BRDA:15,1,0,0
BRDA:15,1,1,0
BRDA:15,2,0,0
BRDA:15,2,1,0
BRDA:19,3,0,0
BRDA:19,3,1,0
BRDA:32,4,0,0
BRDA:32,4,1,0
BRDA:32,5,0,0
BRDA:32,5,1,0
BRDA:41,6,0,0
BRDA:41,6,1,0
BRDA:67,7,0,0
BRDA:67,7,1,0
BRDA:79,8,0,0
BRDA:79,8,1,0
BRDA:94,9,0,0
BRDA:94,9,1,0
BRDA:94,10,0,0
BRDA:94,10,1,0
BRDA:98,11,0,0
BRDA:98,11,1,0
BRDA:114,12,0,0
BRDA:114,12,1,0
BRDA:114,13,0,0
BRDA:114,13,1,0
BRDA:118,14,0,0
BRDA:118,14,1,0
BRDA:136,15,0,0
BRDA:136,15,1,0
BRDA:136,16,0,0
BRDA:136,16,1,0
BRDA:140,17,0,0
BRDA:140,17,1,0
BRDA:146,18,0,0
BRDA:146,18,1,0
BRDA:156,19,0,0
BRDA:156,19,1,0
BRDA:156,20,0,0
BRDA:156,20,1,0
BRDA:177,21,0,0
BRDA:177,21,1,0
BRDA:177,22,0,0
BRDA:177,22,1,0
BRF:45
BRH:0
end_of_record
TN:
SF:src\routes\properties.js
FN:21,(anonymous_0)
FN:48,(anonymous_1)
FN:68,(anonymous_2)
FN:74,(anonymous_3)
FN:82,(anonymous_4)
FN:87,(anonymous_5)
FN:91,(anonymous_6)
FN:96,(anonymous_7)
FN:131,(anonymous_8)
FN:146,(anonymous_9)
FN:147,(anonymous_10)
FN:148,(anonymous_11)
FN:149,(anonymous_12)
FN:155,(anonymous_13)
FN:178,(anonymous_14)
FN:187,(anonymous_15)
FNF:16
FNH:0
FNDA:0,(anonymous_0)
FNDA:0,(anonymous_1)
FNDA:0,(anonymous_2)
FNDA:0,(anonymous_3)
FNDA:0,(anonymous_4)
FNDA:0,(anonymous_5)
FNDA:0,(anonymous_6)
FNDA:0,(anonymous_7)
FNDA:0,(anonymous_8)
FNDA:0,(anonymous_9)
FNDA:0,(anonymous_10)
FNDA:0,(anonymous_11)
FNDA:0,(anonymous_12)
FNDA:0,(anonymous_13)
FNDA:0,(anonymous_14)
FNDA:0,(anonymous_15)
DA:11,0
DA:13,0
DA:14,0
DA:15,0
DA:21,0
DA:22,0
DA:24,0
DA:25,0
DA:26,0
DA:29,0
DA:30,0
DA:35,0
DA:36,0
DA:37,0
DA:39,0
DA:40,0
DA:48,0
DA:49,0
DA:51,0
DA:52,0
DA:53,0
DA:56,0
DA:57,0
DA:62,0
DA:65,0
DA:67,0
DA:68,0
DA:69,0
DA:73,0
DA:74,0
DA:75,0
DA:80,0
DA:81,0
DA:82,0
DA:85,0
DA:86,0
DA:87,0
DA:90,0
DA:91,0
DA:94,0
DA:95,0
DA:96,0
DA:97,0
DA:105,0
DA:106,0
DA:107,0
DA:109,0
DA:110,0
DA:112,0
DA:122,0
DA:123,0
DA:131,0
DA:132,0
DA:133,0
DA:134,0
DA:135,0
DA:138,0
DA:139,0
DA:142,0
DA:144,0
DA:146,0
DA:147,0
DA:148,0
DA:149,0
DA:155,0
DA:156,0
DA:157,0
DA:159,0
DA:160,0
DA:162,0
DA:163,0
DA:167,0
DA:169,0
DA:170,0
DA:178,0
DA:179,0
DA:180,0
DA:182,0
DA:183,0
DA:186,0
DA:187,0
DA:189,0
DA:191,0
DA:192,0
LF:84
LH:0
BRDA:25,0,0,0
BRDA:25,0,1,0
BRDA:29,1,0,0
BRDA:29,1,1,0
BRDA:52,2,0,0
BRDA:52,2,1,0
BRDA:56,3,0,0
BRDA:56,3,1,0
BRDA:67,4,0,0
BRDA:67,4,1,0
BRDA:73,5,0,0
BRDA:73,5,1,0
BRDA:75,6,0,0
BRDA:75,6,1,0
BRDA:80,7,0,0
BRDA:80,7,1,0
BRDA:85,8,0,0
BRDA:85,8,1,0
BRDA:90,9,0,0
BRDA:90,9,1,0
BRDA:91,10,0,0
BRDA:91,10,1,0
BRDA:94,11,0,0
BRDA:94,11,1,0
BRDA:97,12,0,0
BRDA:97,12,1,0
BRDA:97,12,2,0
BRDA:97,12,3,0
BRDA:105,13,0,0
BRDA:105,13,1,0
BRDA:106,14,0,0
BRDA:106,14,1,0
BRDA:134,15,0,0
BRDA:134,15,1,0
BRDA:138,16,0,0
BRDA:138,16,1,0
BRDA:146,17,0,0
BRDA:146,17,1,0
BRDA:156,18,0,0
BRDA:156,18,1,0
BRDA:157,19,0,0
BRDA:157,19,1,0
BRDA:159,20,0,0
BRDA:159,20,1,0
BRDA:160,21,0,0
BRDA:160,21,1,0
BRDA:162,22,0,0
BRDA:162,22,1,0
BRDA:163,23,0,0
BRDA:163,23,1,0
BRDA:182,24,0,0
BRDA:182,24,1,0
BRF:52
BRH:0
end_of_record
TN:
SF:src\routes\search.js
FN:39,(anonymous_0)
FN:180,(anonymous_1)
FN:203,(anonymous_2)
FN:220,(anonymous_3)
FN:248,(anonymous_4)
FN:274,(anonymous_5)
FN:317,(anonymous_6)
FN:336,(anonymous_7)
FN:349,(anonymous_8)
FNF:9
FNH:0
FNDA:0,(anonymous_0)
FNDA:0,(anonymous_1)
FNDA:0,(anonymous_2)
FNDA:0,(anonymous_3)
FNDA:0,(anonymous_4)
FNDA:0,(anonymous_5)
FNDA:0,(anonymous_6)
FNDA:0,(anonymous_7)
FNDA:0,(anonymous_8)
DA:5,0
DA:8,0
DA:28,0
DA:39,0
DA:40,0
DA:41,0
DA:43,0
DA:44,0
DA:45,0
DA:47,0
DA:48,0
DA:49,0
DA:50,0
DA:53,0
DA:54,0
DA:55,0
DA:56,0
DA:59,0
DA:60,0
DA:61,0
DA:62,0
DA:65,0
DA:66,0
DA:67,0
DA:68,0
DA:71,0
DA:72,0
DA:73,0
DA:74,0
DA:77,0
DA:78,0
DA:79,0
DA:80,0
DA:83,0
DA:84,0
DA:85,0
DA:86,0
DA:89,0
DA:90,0
DA:91,0
DA:92,0
DA:95,0
DA:96,0
DA:97,0
DA:98,0
DA:101,0
DA:102,0
DA:103,0
DA:104,0
DA:107,0
DA:108,0
DA:111,0
DA:112,0
DA:115,0
DA:116,0
DA:119,0
DA:120,0
DA:123,0
DA:124,0
DA:125,0
DA:126,0
DA:129,0
DA:130,0
DA:131,0
DA:132,0
DA:135,0
DA:137,0
DA:180,0
DA:189,0
DA:195,0
DA:196,0
DA:198,0
DA:203,0
DA:204,0
DA:205,0
DA:207,0
DA:213,0
DA:215,0
DA:220,0
DA:221,0
DA:222,0
DA:224,0
DA:238,0
DA:240,0
DA:241,0
DA:243,0
DA:248,0
DA:249,0
DA:250,0
DA:252,0
DA:256,0
DA:257,0
DA:260,0
DA:267,0
DA:269,0
DA:274,0
DA:275,0
DA:276,0
DA:277,0
DA:279,0
DA:280,0
DA:281,0
DA:283,0
DA:284,0
DA:285,0
DA:286,0
DA:288,0
DA:289,0
DA:291,0
DA:294,0
DA:296,0
DA:303,0
DA:304,0
DA:307,0
DA:309,0
DA:310,0
DA:312,0
DA:317,0
DA:318,0
DA:319,0
DA:321,0
DA:325,0
DA:326,0
DA:329,0
DA:331,0
DA:336,0
DA:337,0
DA:338,0
DA:342,0
DA:344,0
DA:349,0
DA:350,0
DA:351,0
DA:364,0
DA:366,0
LF:135
LH:0
BRDA:47,0,0,0
BRDA:47,0,1,0
BRDA:53,1,0,0
BRDA:53,1,1,0
BRDA:59,2,0,0
BRDA:59,2,1,0
BRDA:65,3,0,0
BRDA:65,3,1,0
BRDA:71,4,0,0
BRDA:71,4,1,0
BRDA:77,5,0,0
BRDA:77,5,1,0
BRDA:83,6,0,0
BRDA:83,6,1,0
BRDA:89,7,0,0
BRDA:89,7,1,0
BRDA:95,8,0,0
BRDA:95,8,1,0
BRDA:95,9,0,0
BRDA:95,9,1,0
BRDA:101,10,0,0
BRDA:101,10,1,0
BRDA:107,11,0,0
BRDA:107,11,1,0
BRDA:111,12,0,0
BRDA:111,12,1,0
BRDA:115,13,0,0
BRDA:115,13,1,0
BRDA:119,14,0,0
BRDA:119,14,1,0
BRDA:123,15,0,0
BRDA:123,15,1,0
BRDA:129,16,0,0
BRDA:129,16,1,0
BRDA:135,17,0,0
BRDA:135,17,1,0
BRDA:195,18,0,0
BRDA:195,18,1,0
BRDA:205,19,0,0
BRDA:211,20,0,0
BRDA:211,20,1,0
BRDA:240,21,0,0
BRDA:240,21,1,0
BRDA:256,22,0,0
BRDA:256,22,1,0
BRDA:284,23,0,0
BRDA:284,23,1,0
BRDA:303,24,0,0
BRDA:303,24,1,0
BRDA:309,25,0,0
BRDA:309,25,1,0
BRDA:325,26,0,0
BRDA:325,26,1,0
BRF:53
BRH:0
end_of_record
TN:
SF:src\routes\units.js
FN:32,(anonymous_0)
FN:79,(anonymous_1)
FN:125,(anonymous_2)
FN:165,(anonymous_3)
FN:209,(anonymous_4)
FNF:5
FNH:0
FNDA:0,(anonymous_0)
FNDA:0,(anonymous_1)
FNDA:0,(anonymous_2)
FNDA:0,(anonymous_3)
FNDA:0,(anonymous_4)
DA:5,0
DA:8,0
DA:32,0
DA:33,0
DA:34,0
DA:36,0
DA:69,0
DA:71,0
DA:72,0
DA:74,0
DA:79,0
DA:80,0
DA:81,0
DA:83,0
DA:114,0
DA:115,0
DA:118,0
DA:120,0
DA:125,0
DA:126,0
DA:127,0
DA:128,0
DA:131,0
DA:145,0
DA:155,0
DA:160,0
DA:165,0
DA:166,0
DA:167,0
DA:168,0
DA:170,0
DA:171,0
DA:172,0
DA:174,0
DA:175,0
DA:176,0
DA:177,0
DA:178,0
DA:182,0
DA:183,0
DA:186,0
DA:188,0
DA:195,0
DA:196,0
DA:199,0
DA:201,0
DA:202,0
DA:204,0
DA:209,0
DA:210,0
DA:211,0
DA:213,0
DA:217,0
DA:218,0
DA:221,0
DA:223,0
LF:56
LH:0
BRDA:71,0,0,0
BRDA:71,0,1,0
BRDA:114,1,0,0
BRDA:114,1,1,0
BRDA:128,2,0,0
BRDA:175,3,0,0
BRDA:175,3,1,0
BRDA:182,4,0,0
BRDA:182,4,1,0
BRDA:195,5,0,0
BRDA:195,5,1,0
BRDA:201,6,0,0
BRDA:201,6,1,0
BRDA:217,7,0,0
BRDA:217,7,1,0
BRF:15
BRH:0
end_of_record
